{"D:\\Github\\geofranzy-rn\\src\\index.ts": {"path":"D:\\Github\\geofranzy-rn\\src\\index.ts","statementMap":{},"fnMap":{},"branchMap":{},"s":{},"f":{},"b":{}}
,"D:\\Github\\geofranzy-rn\\src\\context\\AuthContext.tsx": {"path":"D:\\Github\\geofranzy-rn\\src\\context\\AuthContext.tsx","statementMap":{"0":{"start":{"line":34,"column":20},"end":{"line":34,"column":73}},"1":{"start":{"line":36,"column":69},"end":{"line":144,"column":1}},"2":{"start":{"line":37,"column":26},"end":{"line":37,"column":53}},"3":{"start":{"line":38,"column":40},"end":{"line":38,"column":74}},"4":{"start":{"line":39,"column":32},"end":{"line":39,"column":46}},"5":{"start":{"line":40,"column":28},"end":{"line":40,"column":57}},"6":{"start":{"line":43,"column":2},"end":{"line":66,"column":9}},"7":{"start":{"line":44,"column":24},"end":{"line":63,"column":6}},"8":{"start":{"line":45,"column":6},"end":{"line":62,"column":7}},"9":{"start":{"line":46,"column":8},"end":{"line":57,"column":9}},"10":{"start":{"line":47,"column":10},"end":{"line":47,"column":32}},"11":{"start":{"line":49,"column":29},"end":{"line":49,"column":63}},"12":{"start":{"line":50,"column":30},"end":{"line":50,"column":54}},"13":{"start":{"line":51,"column":10},"end":{"line":53,"column":11}},"14":{"start":{"line":52,"column":12},"end":{"line":52,"column":62}},"15":{"start":{"line":55,"column":10},"end":{"line":55,"column":24}},"16":{"start":{"line":56,"column":10},"end":{"line":56,"column":31}},"17":{"start":{"line":59,"column":8},"end":{"line":59,"column":75}},"18":{"start":{"line":61,"column":8},"end":{"line":61,"column":26}},"19":{"start":{"line":65,"column":4},"end":{"line":65,"column":23}},"20":{"start":{"line":68,"column":17},"end":{"line":88,"column":3}},"21":{"start":{"line":69,"column":4},"end":{"line":87,"column":5}},"22":{"start":{"line":70,"column":6},"end":{"line":70,"column":21}},"23":{"start":{"line":71,"column":29},"end":{"line":71,"column":88}},"24":{"start":{"line":72,"column":22},"end":{"line":72,"column":41}},"25":{"start":{"line":75,"column":39},"end":{"line":81,"column":7}},"26":{"start":{"line":83,"column":6},"end":{"line":83,"column":63}},"27":{"start":{"line":85,"column":6},"end":{"line":85,"column":70}},"28":{"start":{"line":86,"column":6},"end":{"line":86,"column":16}},"29":{"start":{"line":90,"column":17},"end":{"line":98,"column":3}},"30":{"start":{"line":91,"column":4},"end":{"line":97,"column":5}},"31":{"start":{"line":92,"column":6},"end":{"line":92,"column":21}},"32":{"start":{"line":93,"column":6},"end":{"line":93,"column":62}},"33":{"start":{"line":95,"column":6},"end":{"line":95,"column":70}},"34":{"start":{"line":96,"column":6},"end":{"line":96,"column":16}},"35":{"start":{"line":100,"column":17},"end":{"line":108,"column":3}},"36":{"start":{"line":101,"column":4},"end":{"line":107,"column":5}},"37":{"start":{"line":102,"column":6},"end":{"line":102,"column":21}},"38":{"start":{"line":103,"column":6},"end":{"line":103,"column":26}},"39":{"start":{"line":105,"column":6},"end":{"line":105,"column":71}},"40":{"start":{"line":106,"column":6},"end":{"line":106,"column":16}},"41":{"start":{"line":110,"column":24},"end":{"line":126,"column":3}},"42":{"start":{"line":111,"column":4},"end":{"line":125,"column":5}},"43":{"start":{"line":112,"column":6},"end":{"line":112,"column":54}},"44":{"start":{"line":112,"column":17},"end":{"line":112,"column":54}},"45":{"start":{"line":113,"column":6},"end":{"line":113,"column":21}},"46":{"start":{"line":115,"column":6},"end":{"line":119,"column":8}},"47":{"start":{"line":121,"column":6},"end":{"line":121,"column":72}},"48":{"start":{"line":121,"column":32},"end":{"line":121,"column":69}},"49":{"start":{"line":123,"column":6},"end":{"line":123,"column":69}},"50":{"start":{"line":124,"column":6},"end":{"line":124,"column":16}},"51":{"start":{"line":128,"column":2},"end":{"line":143,"column":4}},"52":{"start":{"line":146,"column":23},"end":{"line":152,"column":1}},"53":{"start":{"line":147,"column":18},"end":{"line":147,"column":41}},"54":{"start":{"line":148,"column":2},"end":{"line":150,"column":3}},"55":{"start":{"line":149,"column":4},"end":{"line":149,"column":64}},"56":{"start":{"line":151,"column":2},"end":{"line":151,"column":17}}},"fnMap":{"0":{"name":"(anonymous_0)","decl":{"start":{"line":36,"column":69},"end":{"line":36,"column":70}},"loc":{"start":{"line":36,"column":87},"end":{"line":144,"column":1}},"line":36},"1":{"name":"(anonymous_1)","decl":{"start":{"line":43,"column":12},"end":{"line":43,"column":13}},"loc":{"start":{"line":43,"column":18},"end":{"line":66,"column":3}},"line":43},"2":{"name":"(anonymous_2)","decl":{"start":{"line":44,"column":49},"end":{"line":44,"column":50}},"loc":{"start":{"line":44,"column":73},"end":{"line":63,"column":5}},"line":44},"3":{"name":"(anonymous_3)","decl":{"start":{"line":68,"column":17},"end":{"line":68,"column":18}},"loc":{"start":{"line":68,"column":81},"end":{"line":88,"column":3}},"line":68},"4":{"name":"(anonymous_4)","decl":{"start":{"line":90,"column":17},"end":{"line":90,"column":18}},"loc":{"start":{"line":90,"column":60},"end":{"line":98,"column":3}},"line":90},"5":{"name":"(anonymous_5)","decl":{"start":{"line":100,"column":17},"end":{"line":100,"column":18}},"loc":{"start":{"line":100,"column":29},"end":{"line":108,"column":3}},"line":100},"6":{"name":"(anonymous_6)","decl":{"start":{"line":110,"column":24},"end":{"line":110,"column":25}},"loc":{"start":{"line":110,"column":65},"end":{"line":126,"column":3}},"line":110},"7":{"name":"(anonymous_7)","decl":{"start":{"line":121,"column":21},"end":{"line":121,"column":22}},"loc":{"start":{"line":121,"column":32},"end":{"line":121,"column":69}},"line":121},"8":{"name":"(anonymous_8)","decl":{"start":{"line":146,"column":23},"end":{"line":146,"column":24}},"loc":{"start":{"line":146,"column":29},"end":{"line":152,"column":1}},"line":146}},"branchMap":{"0":{"loc":{"start":{"line":46,"column":8},"end":{"line":57,"column":9}},"type":"if","locations":[{"start":{"line":46,"column":8},"end":{"line":57,"column":9}},{"start":{"line":54,"column":15},"end":{"line":57,"column":9}}],"line":46},"1":{"loc":{"start":{"line":51,"column":10},"end":{"line":53,"column":11}},"type":"if","locations":[{"start":{"line":51,"column":10},"end":{"line":53,"column":11}},{"start":{},"end":{}}],"line":51},"2":{"loc":{"start":{"line":59,"column":17},"end":{"line":59,"column":73}},"type":"cond-expr","locations":[{"start":{"line":59,"column":40},"end":{"line":59,"column":51}},{"start":{"line":59,"column":54},"end":{"line":59,"column":73}}],"line":59},"3":{"loc":{"start":{"line":77,"column":15},"end":{"line":77,"column":34}},"type":"binary-expr","locations":[{"start":{"line":77,"column":15},"end":{"line":77,"column":28}},{"start":{"line":77,"column":32},"end":{"line":77,"column":34}}],"line":77},"4":{"loc":{"start":{"line":85,"column":15},"end":{"line":85,"column":68}},"type":"cond-expr","locations":[{"start":{"line":85,"column":38},"end":{"line":85,"column":49}},{"start":{"line":85,"column":52},"end":{"line":85,"column":68}}],"line":85},"5":{"loc":{"start":{"line":95,"column":15},"end":{"line":95,"column":68}},"type":"cond-expr","locations":[{"start":{"line":95,"column":38},"end":{"line":95,"column":49}},{"start":{"line":95,"column":52},"end":{"line":95,"column":68}}],"line":95},"6":{"loc":{"start":{"line":105,"column":15},"end":{"line":105,"column":69}},"type":"cond-expr","locations":[{"start":{"line":105,"column":38},"end":{"line":105,"column":49}},{"start":{"line":105,"column":52},"end":{"line":105,"column":69}}],"line":105},"7":{"loc":{"start":{"line":112,"column":6},"end":{"line":112,"column":54}},"type":"if","locations":[{"start":{"line":112,"column":6},"end":{"line":112,"column":54}},{"start":{},"end":{}}],"line":112},"8":{"loc":{"start":{"line":121,"column":32},"end":{"line":121,"column":69}},"type":"cond-expr","locations":[{"start":{"line":121,"column":39},"end":{"line":121,"column":62}},{"start":{"line":121,"column":65},"end":{"line":121,"column":69}}],"line":121},"9":{"loc":{"start":{"line":123,"column":15},"end":{"line":123,"column":67}},"type":"cond-expr","locations":[{"start":{"line":123,"column":38},"end":{"line":123,"column":49}},{"start":{"line":123,"column":52},"end":{"line":123,"column":67}}],"line":123},"10":{"loc":{"start":{"line":148,"column":2},"end":{"line":150,"column":3}},"type":"if","locations":[{"start":{"line":148,"column":2},"end":{"line":150,"column":3}},{"start":{},"end":{}}],"line":148}},"s":{"0":0,"1":0,"2":0,"3":0,"4":0,"5":0,"6":0,"7":0,"8":0,"9":0,"10":0,"11":0,"12":0,"13":0,"14":0,"15":0,"16":0,"17":0,"18":0,"19":0,"20":0,"21":0,"22":0,"23":0,"24":0,"25":0,"26":0,"27":0,"28":0,"29":0,"30":0,"31":0,"32":0,"33":0,"34":0,"35":0,"36":0,"37":0,"38":0,"39":0,"40":0,"41":0,"42":0,"43":0,"44":0,"45":0,"46":0,"47":0,"48":0,"49":0,"50":0,"51":0,"52":0,"53":0,"54":0,"55":0,"56":0},"f":{"0":0,"1":0,"2":0,"3":0,"4":0,"5":0,"6":0,"7":0,"8":0},"b":{"0":[0,0],"1":[0,0],"2":[0,0],"3":[0,0],"4":[0,0],"5":[0,0],"6":[0,0],"7":[0,0],"8":[0,0],"9":[0,0],"10":[0,0]}}
,"D:\\Github\\geofranzy-rn\\src\\context\\LocationContext.tsx": {"path":"D:\\Github\\geofranzy-rn\\src\\context\\LocationContext.tsx","statementMap":{"0":{"start":{"line":34,"column":24},"end":{"line":34,"column":81}},"1":{"start":{"line":36,"column":73},"end":{"line":144,"column":1}},"2":{"start":{"line":37,"column":19},"end":{"line":37,"column":28}},"3":{"start":{"line":38,"column":48},"end":{"line":38,"column":90}},"4":{"start":{"line":39,"column":50},"end":{"line":39,"column":80}},"5":{"start":{"line":40,"column":32},"end":{"line":40,"column":47}},"6":{"start":{"line":41,"column":28},"end":{"line":41,"column":57}},"7":{"start":{"line":46,"column":34},"end":{"line":112,"column":3}},"8":{"start":{"line":47,"column":4},"end":{"line":47,"column":22}},"9":{"start":{"line":47,"column":15},"end":{"line":47,"column":22}},"10":{"start":{"line":49,"column":4},"end":{"line":111,"column":5}},"11":{"start":{"line":50,"column":6},"end":{"line":50,"column":23}},"12":{"start":{"line":51,"column":6},"end":{"line":51,"column":21}},"13":{"start":{"line":54,"column":25},"end":{"line":54,"column":50}},"14":{"start":{"line":55,"column":27},"end":{"line":55,"column":77}},"15":{"start":{"line":56,"column":30},"end":{"line":56,"column":57}},"16":{"start":{"line":58,"column":24},"end":{"line":60,"column":42}},"17":{"start":{"line":59,"column":25},"end":{"line":59,"column":57}},"18":{"start":{"line":60,"column":22},"end":{"line":60,"column":41}},"19":{"start":{"line":62,"column":6},"end":{"line":65,"column":7}},"20":{"start":{"line":63,"column":8},"end":{"line":63,"column":32}},"21":{"start":{"line":64,"column":8},"end":{"line":64,"column":15}},"22":{"start":{"line":68,"column":27},"end":{"line":68,"column":54}},"23":{"start":{"line":69,"column":32},"end":{"line":69,"column":59}},"24":{"start":{"line":71,"column":22},"end":{"line":71,"column":31}},"25":{"start":{"line":72,"column":6},"end":{"line":77,"column":9}},"26":{"start":{"line":73,"column":21},"end":{"line":73,"column":31}},"27":{"start":{"line":74,"column":8},"end":{"line":76,"column":9}},"28":{"start":{"line":75,"column":10},"end":{"line":75,"column":41}},"29":{"start":{"line":80,"column":23},"end":{"line":80,"column":46}},"30":{"start":{"line":81,"column":28},"end":{"line":81,"column":51}},"31":{"start":{"line":83,"column":23},"end":{"line":83,"column":32}},"32":{"start":{"line":84,"column":6},"end":{"line":86,"column":9}},"33":{"start":{"line":85,"column":8},"end":{"line":85,"column":41}},"34":{"start":{"line":89,"column":43},"end":{"line":89,"column":45}},"35":{"start":{"line":90,"column":6},"end":{"line":104,"column":7}},"36":{"start":{"line":91,"column":25},"end":{"line":91,"column":45}},"37":{"start":{"line":92,"column":8},"end":{"line":103,"column":9}},"38":{"start":{"line":93,"column":27},"end":{"line":93,"column":46}},"39":{"start":{"line":94,"column":10},"end":{"line":102,"column":13}},"40":{"start":{"line":106,"column":6},"end":{"line":106,"column":38}},"41":{"start":{"line":108,"column":6},"end":{"line":108,"column":89}},"42":{"start":{"line":110,"column":6},"end":{"line":110,"column":24}},"43":{"start":{"line":117,"column":2},"end":{"line":128,"column":13}},"44":{"start":{"line":118,"column":4},"end":{"line":118,"column":22}},"45":{"start":{"line":118,"column":15},"end":{"line":118,"column":22}},"46":{"start":{"line":122,"column":22},"end":{"line":122,"column":49}},"47":{"start":{"line":123,"column":24},"end":{"line":125,"column":6}},"48":{"start":{"line":124,"column":6},"end":{"line":124,"column":32}},"49":{"start":{"line":127,"column":4},"end":{"line":127,"column":23}},"50":{"start":{"line":130,"column":2},"end":{"line":143,"column":4}},"51":{"start":{"line":146,"column":27},"end":{"line":152,"column":1}},"52":{"start":{"line":147,"column":18},"end":{"line":147,"column":45}},"53":{"start":{"line":148,"column":2},"end":{"line":150,"column":3}},"54":{"start":{"line":149,"column":4},"end":{"line":149,"column":72}},"55":{"start":{"line":151,"column":2},"end":{"line":151,"column":17}}},"fnMap":{"0":{"name":"(anonymous_0)","decl":{"start":{"line":36,"column":73},"end":{"line":36,"column":74}},"loc":{"start":{"line":36,"column":91},"end":{"line":144,"column":1}},"line":36},"1":{"name":"(anonymous_1)","decl":{"start":{"line":46,"column":34},"end":{"line":46,"column":35}},"loc":{"start":{"line":46,"column":46},"end":{"line":112,"column":3}},"line":46},"2":{"name":"(anonymous_2)","decl":{"start":{"line":59,"column":16},"end":{"line":59,"column":17}},"loc":{"start":{"line":59,"column":25},"end":{"line":59,"column":57}},"line":59},"3":{"name":"(anonymous_3)","decl":{"start":{"line":60,"column":13},"end":{"line":60,"column":14}},"loc":{"start":{"line":60,"column":22},"end":{"line":60,"column":41}},"line":60},"4":{"name":"(anonymous_4)","decl":{"start":{"line":72,"column":37},"end":{"line":72,"column":38}},"loc":{"start":{"line":72,"column":46},"end":{"line":77,"column":7}},"line":72},"5":{"name":"(anonymous_5)","decl":{"start":{"line":84,"column":33},"end":{"line":84,"column":34}},"loc":{"start":{"line":84,"column":42},"end":{"line":86,"column":7}},"line":84},"6":{"name":"(anonymous_6)","decl":{"start":{"line":117,"column":12},"end":{"line":117,"column":13}},"loc":{"start":{"line":117,"column":18},"end":{"line":128,"column":3}},"line":117},"7":{"name":"(anonymous_7)","decl":{"start":{"line":123,"column":46},"end":{"line":123,"column":47}},"loc":{"start":{"line":123,"column":60},"end":{"line":125,"column":5}},"line":123},"8":{"name":"(anonymous_8)","decl":{"start":{"line":146,"column":27},"end":{"line":146,"column":28}},"loc":{"start":{"line":146,"column":33},"end":{"line":152,"column":1}},"line":146}},"branchMap":{"0":{"loc":{"start":{"line":47,"column":4},"end":{"line":47,"column":22}},"type":"if","locations":[{"start":{"line":47,"column":4},"end":{"line":47,"column":22}},{"start":{},"end":{}}],"line":47},"1":{"loc":{"start":{"line":62,"column":6},"end":{"line":65,"column":7}},"type":"if","locations":[{"start":{"line":62,"column":6},"end":{"line":65,"column":7}},{"start":{},"end":{}}],"line":62},"2":{"loc":{"start":{"line":74,"column":8},"end":{"line":76,"column":9}},"type":"if","locations":[{"start":{"line":74,"column":8},"end":{"line":76,"column":9}},{"start":{},"end":{}}],"line":74},"3":{"loc":{"start":{"line":92,"column":8},"end":{"line":103,"column":9}},"type":"if","locations":[{"start":{"line":92,"column":8},"end":{"line":103,"column":9}},{"start":{},"end":{}}],"line":92},"4":{"loc":{"start":{"line":99,"column":22},"end":{"line":99,"column":43}},"type":"binary-expr","locations":[{"start":{"line":99,"column":22},"end":{"line":99,"column":38}},{"start":{"line":99,"column":42},"end":{"line":99,"column":43}}],"line":99},"5":{"loc":{"start":{"line":108,"column":15},"end":{"line":108,"column":87}},"type":"cond-expr","locations":[{"start":{"line":108,"column":38},"end":{"line":108,"column":49}},{"start":{"line":108,"column":52},"end":{"line":108,"column":87}}],"line":108},"6":{"loc":{"start":{"line":118,"column":4},"end":{"line":118,"column":22}},"type":"if","locations":[{"start":{"line":118,"column":4},"end":{"line":118,"column":22}},{"start":{},"end":{}}],"line":118},"7":{"loc":{"start":{"line":148,"column":2},"end":{"line":150,"column":3}},"type":"if","locations":[{"start":{"line":148,"column":2},"end":{"line":150,"column":3}},{"start":{},"end":{}}],"line":148}},"s":{"0":0,"1":0,"2":0,"3":0,"4":0,"5":0,"6":0,"7":0,"8":0,"9":0,"10":0,"11":0,"12":0,"13":0,"14":0,"15":0,"16":0,"17":0,"18":0,"19":0,"20":0,"21":0,"22":0,"23":0,"24":0,"25":0,"26":0,"27":0,"28":0,"29":0,"30":0,"31":0,"32":0,"33":0,"34":0,"35":0,"36":0,"37":0,"38":0,"39":0,"40":0,"41":0,"42":0,"43":0,"44":0,"45":0,"46":0,"47":0,"48":0,"49":0,"50":0,"51":0,"52":0,"53":0,"54":0,"55":0},"f":{"0":0,"1":0,"2":0,"3":0,"4":0,"5":0,"6":0,"7":0,"8":0},"b":{"0":[0,0],"1":[0,0],"2":[0,0],"3":[0,0],"4":[0,0],"5":[0,0],"6":[0,0],"7":[0,0]}}
,"D:\\Github\\geofranzy-rn\\src\\context\\index.ts": {"path":"D:\\Github\\geofranzy-rn\\src\\context\\index.ts","statementMap":{},"fnMap":{},"branchMap":{},"s":{},"f":{},"b":{}}
,"D:\\Github\\geofranzy-rn\\src\\navigation\\RootNavigator.tsx": {"path":"D:\\Github\\geofranzy-rn\\src\\navigation\\RootNavigator.tsx","statementMap":{"0":{"start":{"line":18,"column":14},"end":{"line":18,"column":42}},"1":{"start":{"line":19,"column":12},"end":{"line":19,"column":38}},"2":{"start":{"line":21,"column":18},"end":{"line":33,"column":1}},"3":{"start":{"line":22,"column":2},"end":{"line":32,"column":4}},"4":{"start":{"line":35,"column":17},"end":{"line":100,"column":1}},"5":{"start":{"line":36,"column":2},"end":{"line":99,"column":4}},"6":{"start":{"line":102,"column":29},"end":{"line":110,"column":1}},"7":{"start":{"line":103,"column":19},"end":{"line":103,"column":28}},"8":{"start":{"line":105,"column":2},"end":{"line":109,"column":4}}},"fnMap":{"0":{"name":"(anonymous_0)","decl":{"start":{"line":21,"column":18},"end":{"line":21,"column":19}},"loc":{"start":{"line":21,"column":24},"end":{"line":33,"column":1}},"line":21},"1":{"name":"(anonymous_1)","decl":{"start":{"line":35,"column":17},"end":{"line":35,"column":18}},"loc":{"start":{"line":35,"column":23},"end":{"line":100,"column":1}},"line":35},"2":{"name":"(anonymous_2)","decl":{"start":{"line":102,"column":29},"end":{"line":102,"column":30}},"loc":{"start":{"line":102,"column":35},"end":{"line":110,"column":1}},"line":102}},"branchMap":{"0":{"loc":{"start":{"line":107,"column":7},"end":{"line":107,"column":42}},"type":"cond-expr","locations":[{"start":{"line":107,"column":14},"end":{"line":107,"column":26}},{"start":{"line":107,"column":29},"end":{"line":107,"column":42}}],"line":107}},"s":{"0":0,"1":0,"2":0,"3":0,"4":0,"5":0,"6":0,"7":0,"8":0},"f":{"0":0,"1":0,"2":0},"b":{"0":[0,0]}}
,"D:\\Github\\geofranzy-rn\\src\\navigation\\index.ts": {"path":"D:\\Github\\geofranzy-rn\\src\\navigation\\index.ts","statementMap":{},"fnMap":{},"branchMap":{},"s":{},"f":{},"b":{}}
,"D:\\Github\\geofranzy-rn\\src\\screens\\index.ts": {"path":"D:\\Github\\geofranzy-rn\\src\\screens\\index.ts","statementMap":{},"fnMap":{},"branchMap":{},"s":{},"f":{},"b":{}}
,"D:\\Github\\geofranzy-rn\\src\\screens\\auth\\LoginScreen.tsx": {"path":"D:\\Github\\geofranzy-rn\\src\\screens\\auth\\LoginScreen.tsx","statementMap":{"0":{"start":{"line":15,"column":20},"end":{"line":87,"column":1}},"1":{"start":{"line":16,"column":28},"end":{"line":16,"column":40}},"2":{"start":{"line":17,"column":34},"end":{"line":17,"column":46}},"3":{"start":{"line":18,"column":32},"end":{"line":18,"column":47}},"4":{"start":{"line":19,"column":28},"end":{"line":19,"column":37}},"5":{"start":{"line":21,"column":22},"end":{"line":35,"column":3}},"6":{"start":{"line":22,"column":4},"end":{"line":25,"column":5}},"7":{"start":{"line":23,"column":6},"end":{"line":23,"column":56}},"8":{"start":{"line":24,"column":6},"end":{"line":24,"column":13}},"9":{"start":{"line":27,"column":4},"end":{"line":34,"column":5}},"10":{"start":{"line":28,"column":6},"end":{"line":28,"column":23}},"11":{"start":{"line":29,"column":6},"end":{"line":29,"column":36}},"12":{"start":{"line":31,"column":6},"end":{"line":31,"column":63}},"13":{"start":{"line":33,"column":6},"end":{"line":33,"column":24}},"14":{"start":{"line":37,"column":2},"end":{"line":86,"column":4}},"15":{"start":{"line":80,"column":43},"end":{"line":80,"column":72}},"16":{"start":{"line":89,"column":15},"end":{"line":153,"column":2}}},"fnMap":{"0":{"name":"(anonymous_0)","decl":{"start":{"line":15,"column":20},"end":{"line":15,"column":21}},"loc":{"start":{"line":15,"column":45},"end":{"line":87,"column":1}},"line":15},"1":{"name":"(anonymous_1)","decl":{"start":{"line":21,"column":22},"end":{"line":21,"column":23}},"loc":{"start":{"line":21,"column":34},"end":{"line":35,"column":3}},"line":21},"2":{"name":"(anonymous_2)","decl":{"start":{"line":80,"column":37},"end":{"line":80,"column":38}},"loc":{"start":{"line":80,"column":43},"end":{"line":80,"column":72}},"line":80}},"branchMap":{"0":{"loc":{"start":{"line":22,"column":4},"end":{"line":25,"column":5}},"type":"if","locations":[{"start":{"line":22,"column":4},"end":{"line":25,"column":5}},{"start":{},"end":{}}],"line":22},"1":{"loc":{"start":{"line":22,"column":8},"end":{"line":22,"column":27}},"type":"binary-expr","locations":[{"start":{"line":22,"column":8},"end":{"line":22,"column":14}},{"start":{"line":22,"column":18},"end":{"line":22,"column":27}}],"line":22},"2":{"loc":{"start":{"line":31,"column":34},"end":{"line":31,"column":61}},"type":"binary-expr","locations":[{"start":{"line":31,"column":34},"end":{"line":31,"column":39}},{"start":{"line":31,"column":43},"end":{"line":31,"column":61}}],"line":31},"3":{"loc":{"start":{"line":66,"column":35},"end":{"line":66,"column":67}},"type":"binary-expr","locations":[{"start":{"line":66,"column":35},"end":{"line":66,"column":42}},{"start":{"line":66,"column":46},"end":{"line":66,"column":67}}],"line":66},"4":{"loc":{"start":{"line":70,"column":13},"end":{"line":74,"column":13}},"type":"cond-expr","locations":[{"start":{"line":71,"column":14},"end":{"line":71,"column":66}},{"start":{"line":73,"column":14},"end":{"line":73,"column":58}}],"line":70}},"s":{"0":0,"1":0,"2":0,"3":0,"4":0,"5":0,"6":0,"7":0,"8":0,"9":0,"10":0,"11":0,"12":0,"13":0,"14":0,"15":0,"16":0},"f":{"0":0,"1":0,"2":0},"b":{"0":[0,0],"1":[0,0],"2":[0,0],"3":[0,0],"4":[0,0]}}
,"D:\\Github\\geofranzy-rn\\src\\screens\\auth\\SignupScreen.tsx": {"path":"D:\\Github\\geofranzy-rn\\src\\screens\\auth\\SignupScreen.tsx","statementMap":{"0":{"start":{"line":16,"column":21},"end":{"line":119,"column":1}},"1":{"start":{"line":17,"column":28},"end":{"line":17,"column":40}},"2":{"start":{"line":18,"column":34},"end":{"line":18,"column":46}},"3":{"start":{"line":19,"column":48},"end":{"line":19,"column":60}},"4":{"start":{"line":20,"column":40},"end":{"line":20,"column":52}},"5":{"start":{"line":21,"column":32},"end":{"line":21,"column":47}},"6":{"start":{"line":22,"column":28},"end":{"line":22,"column":37}},"7":{"start":{"line":24,"column":23},"end":{"line":48,"column":3}},"8":{"start":{"line":25,"column":4},"end":{"line":28,"column":5}},"9":{"start":{"line":26,"column":6},"end":{"line":26,"column":56}},"10":{"start":{"line":27,"column":6},"end":{"line":27,"column":13}},"11":{"start":{"line":30,"column":4},"end":{"line":33,"column":5}},"12":{"start":{"line":31,"column":6},"end":{"line":31,"column":53}},"13":{"start":{"line":32,"column":6},"end":{"line":32,"column":13}},"14":{"start":{"line":35,"column":4},"end":{"line":38,"column":5}},"15":{"start":{"line":36,"column":6},"end":{"line":36,"column":69}},"16":{"start":{"line":37,"column":6},"end":{"line":37,"column":13}},"17":{"start":{"line":40,"column":4},"end":{"line":47,"column":5}},"18":{"start":{"line":41,"column":6},"end":{"line":41,"column":23}},"19":{"start":{"line":42,"column":6},"end":{"line":42,"column":49}},"20":{"start":{"line":44,"column":6},"end":{"line":44,"column":64}},"21":{"start":{"line":46,"column":6},"end":{"line":46,"column":24}},"22":{"start":{"line":50,"column":2},"end":{"line":118,"column":4}},"23":{"start":{"line":112,"column":43},"end":{"line":112,"column":71}},"24":{"start":{"line":121,"column":15},"end":{"line":184,"column":2}}},"fnMap":{"0":{"name":"(anonymous_0)","decl":{"start":{"line":16,"column":21},"end":{"line":16,"column":22}},"loc":{"start":{"line":16,"column":46},"end":{"line":119,"column":1}},"line":16},"1":{"name":"(anonymous_1)","decl":{"start":{"line":24,"column":23},"end":{"line":24,"column":24}},"loc":{"start":{"line":24,"column":35},"end":{"line":48,"column":3}},"line":24},"2":{"name":"(anonymous_2)","decl":{"start":{"line":112,"column":37},"end":{"line":112,"column":38}},"loc":{"start":{"line":112,"column":43},"end":{"line":112,"column":71}},"line":112}},"branchMap":{"0":{"loc":{"start":{"line":25,"column":4},"end":{"line":28,"column":5}},"type":"if","locations":[{"start":{"line":25,"column":4},"end":{"line":28,"column":5}},{"start":{},"end":{}}],"line":25},"1":{"loc":{"start":{"line":25,"column":8},"end":{"line":25,"column":63}},"type":"binary-expr","locations":[{"start":{"line":25,"column":8},"end":{"line":25,"column":14}},{"start":{"line":25,"column":18},"end":{"line":25,"column":27}},{"start":{"line":25,"column":31},"end":{"line":25,"column":43}},{"start":{"line":25,"column":47},"end":{"line":25,"column":63}}],"line":25},"2":{"loc":{"start":{"line":30,"column":4},"end":{"line":33,"column":5}},"type":"if","locations":[{"start":{"line":30,"column":4},"end":{"line":33,"column":5}},{"start":{},"end":{}}],"line":30},"3":{"loc":{"start":{"line":35,"column":4},"end":{"line":38,"column":5}},"type":"if","locations":[{"start":{"line":35,"column":4},"end":{"line":38,"column":5}},{"start":{},"end":{}}],"line":35},"4":{"loc":{"start":{"line":44,"column":35},"end":{"line":44,"column":62}},"type":"binary-expr","locations":[{"start":{"line":44,"column":35},"end":{"line":44,"column":40}},{"start":{"line":44,"column":44},"end":{"line":44,"column":62}}],"line":44},"5":{"loc":{"start":{"line":98,"column":35},"end":{"line":98,"column":67}},"type":"binary-expr","locations":[{"start":{"line":98,"column":35},"end":{"line":98,"column":42}},{"start":{"line":98,"column":46},"end":{"line":98,"column":67}}],"line":98},"6":{"loc":{"start":{"line":102,"column":13},"end":{"line":106,"column":13}},"type":"cond-expr","locations":[{"start":{"line":103,"column":14},"end":{"line":103,"column":66}},{"start":{"line":105,"column":14},"end":{"line":105,"column":67}}],"line":102}},"s":{"0":0,"1":0,"2":0,"3":0,"4":0,"5":0,"6":0,"7":0,"8":0,"9":0,"10":0,"11":0,"12":0,"13":0,"14":0,"15":0,"16":0,"17":0,"18":0,"19":0,"20":0,"21":0,"22":0,"23":0,"24":0},"f":{"0":0,"1":0,"2":0},"b":{"0":[0,0],"1":[0,0,0,0],"2":[0,0],"3":[0,0],"4":[0,0],"5":[0,0],"6":[0,0]}}
,"D:\\Github\\geofranzy-rn\\src\\screens\\main\\HistoryScreen.tsx": {"path":"D:\\Github\\geofranzy-rn\\src\\screens\\main\\HistoryScreen.tsx","statementMap":{"0":{"start":{"line":25,"column":22},"end":{"line":106,"column":1}},"1":{"start":{"line":26,"column":19},"end":{"line":26,"column":28}},"2":{"start":{"line":27,"column":34},"end":{"line":27,"column":57}},"3":{"start":{"line":28,"column":32},"end":{"line":28,"column":46}},"4":{"start":{"line":29,"column":38},"end":{"line":29,"column":53}},"5":{"start":{"line":31,"column":2},"end":{"line":33,"column":13}},"6":{"start":{"line":32,"column":4},"end":{"line":32,"column":26}},"7":{"start":{"line":35,"column":30},"end":{"line":47,"column":3}},"8":{"start":{"line":36,"column":4},"end":{"line":36,"column":22}},"9":{"start":{"line":36,"column":15},"end":{"line":36,"column":22}},"10":{"start":{"line":38,"column":4},"end":{"line":46,"column":5}},"11":{"start":{"line":39,"column":6},"end":{"line":39,"column":23}},"12":{"start":{"line":40,"column":22},"end":{"line":40,"column":55}},"13":{"start":{"line":41,"column":6},"end":{"line":41,"column":40}},"14":{"start":{"line":43,"column":6},"end":{"line":43,"column":62}},"15":{"start":{"line":45,"column":6},"end":{"line":45,"column":24}},"16":{"start":{"line":49,"column":20},"end":{"line":53,"column":3}},"17":{"start":{"line":50,"column":4},"end":{"line":50,"column":24}},"18":{"start":{"line":51,"column":4},"end":{"line":51,"column":32}},"19":{"start":{"line":52,"column":4},"end":{"line":52,"column":25}},"20":{"start":{"line":55,"column":28},"end":{"line":73,"column":3}},"21":{"start":{"line":56,"column":23},"end":{"line":56,"column":83}},"22":{"start":{"line":57,"column":21},"end":{"line":57,"column":54}},"23":{"start":{"line":58,"column":17},"end":{"line":58,"column":43}},"24":{"start":{"line":60,"column":4},"end":{"line":72,"column":6}},"25":{"start":{"line":75,"column":2},"end":{"line":105,"column":4}},"26":{"start":{"line":93,"column":34},"end":{"line":93,"column":98}},"27":{"start":{"line":108,"column":15},"end":{"line":176,"column":2}}},"fnMap":{"0":{"name":"(anonymous_0)","decl":{"start":{"line":25,"column":22},"end":{"line":25,"column":23}},"loc":{"start":{"line":25,"column":28},"end":{"line":106,"column":1}},"line":25},"1":{"name":"(anonymous_1)","decl":{"start":{"line":31,"column":12},"end":{"line":31,"column":13}},"loc":{"start":{"line":31,"column":18},"end":{"line":33,"column":3}},"line":31},"2":{"name":"(anonymous_2)","decl":{"start":{"line":35,"column":30},"end":{"line":35,"column":31}},"loc":{"start":{"line":35,"column":42},"end":{"line":47,"column":3}},"line":35},"3":{"name":"(anonymous_3)","decl":{"start":{"line":49,"column":20},"end":{"line":49,"column":21}},"loc":{"start":{"line":49,"column":32},"end":{"line":53,"column":3}},"line":49},"4":{"name":"(anonymous_4)","decl":{"start":{"line":55,"column":28},"end":{"line":55,"column":29}},"loc":{"start":{"line":55,"column":47},"end":{"line":73,"column":3}},"line":55},"5":{"name":"(anonymous_5)","decl":{"start":{"line":93,"column":24},"end":{"line":93,"column":25}},"loc":{"start":{"line":93,"column":34},"end":{"line":93,"column":98}},"line":93}},"branchMap":{"0":{"loc":{"start":{"line":36,"column":4},"end":{"line":36,"column":22}},"type":"if","locations":[{"start":{"line":36,"column":4},"end":{"line":36,"column":22}},{"start":{},"end":{}}],"line":36},"1":{"loc":{"start":{"line":56,"column":23},"end":{"line":56,"column":83}},"type":"cond-expr","locations":[{"start":{"line":56,"column":52},"end":{"line":56,"column":66}},{"start":{"line":56,"column":69},"end":{"line":56,"column":83}}],"line":56},"2":{"loc":{"start":{"line":64,"column":26},"end":{"line":64,"column":64}},"type":"cond-expr","locations":[{"start":{"line":64,"column":41},"end":{"line":64,"column":59}},{"start":{"line":64,"column":62},"end":{"line":64,"column":64}}],"line":64},"3":{"loc":{"start":{"line":77,"column":7},"end":{"line":103,"column":7}},"type":"cond-expr","locations":[{"start":{"line":78,"column":8},"end":{"line":80,"column":15}},{"start":{"line":81,"column":10},"end":{"line":103,"column":7}}],"line":77},"4":{"loc":{"start":{"line":77,"column":7},"end":{"line":77,"column":29}},"type":"binary-expr","locations":[{"start":{"line":77,"column":7},"end":{"line":77,"column":14}},{"start":{"line":77,"column":18},"end":{"line":77,"column":29}}],"line":77},"5":{"loc":{"start":{"line":81,"column":10},"end":{"line":103,"column":7}},"type":"cond-expr","locations":[{"start":{"line":82,"column":8},"end":{"line":88,"column":15}},{"start":{"line":90,"column":8},"end":{"line":102,"column":10}}],"line":81},"6":{"loc":{"start":{"line":93,"column":34},"end":{"line":93,"column":98}},"type":"binary-expr","locations":[{"start":{"line":93,"column":34},"end":{"line":93,"column":41}},{"start":{"line":93,"column":45},"end":{"line":93,"column":98}}],"line":93}},"s":{"0":0,"1":0,"2":0,"3":0,"4":0,"5":0,"6":0,"7":0,"8":0,"9":0,"10":0,"11":0,"12":0,"13":0,"14":0,"15":0,"16":0,"17":0,"18":0,"19":0,"20":0,"21":0,"22":0,"23":0,"24":0,"25":0,"26":0,"27":0},"f":{"0":0,"1":0,"2":0,"3":0,"4":0,"5":0},"b":{"0":[0,0],"1":[0,0],"2":[0,0],"3":[0,0],"4":[0,0],"5":[0,0],"6":[0,0]}}
,"D:\\Github\\geofranzy-rn\\src\\screens\\main\\MapScreen.tsx": {"path":"D:\\Github\\geofranzy-rn\\src\\screens\\main\\MapScreen.tsx","statementMap":{"0":{"start":{"line":22,"column":18},"end":{"line":129,"column":1}},"1":{"start":{"line":23,"column":32},"end":{"line":23,"column":41}},"2":{"start":{"line":25,"column":4},"end":{"line":25,"column":17}},"3":{"start":{"line":26,"column":32},"end":{"line":26,"column":46}},"4":{"start":{"line":28,"column":2},"end":{"line":30,"column":13}},"5":{"start":{"line":29,"column":4},"end":{"line":29,"column":25}},"6":{"start":{"line":32,"column":29},"end":{"line":58,"column":3}},"7":{"start":{"line":33,"column":4},"end":{"line":57,"column":5}},"8":{"start":{"line":34,"column":6},"end":{"line":34,"column":23}},"9":{"start":{"line":37,"column":28},"end":{"line":37,"column":61}},"10":{"start":{"line":38,"column":6},"end":{"line":41,"column":7}},"11":{"start":{"line":39,"column":8},"end":{"line":39,"column":94}},"12":{"start":{"line":40,"column":8},"end":{"line":40,"column":15}},"13":{"start":{"line":43,"column":6},"end":{"line":51,"column":7}},"14":{"start":{"line":45,"column":8},"end":{"line":47,"column":11}},"15":{"start":{"line":46,"column":10},"end":{"line":46,"column":39}},"16":{"start":{"line":50,"column":8},"end":{"line":50,"column":40}},"17":{"start":{"line":53,"column":6},"end":{"line":53,"column":69}},"18":{"start":{"line":54,"column":6},"end":{"line":54,"column":27}},"19":{"start":{"line":56,"column":6},"end":{"line":56,"column":24}},"20":{"start":{"line":60,"column":27},"end":{"line":85,"column":3}},"21":{"start":{"line":61,"column":4},"end":{"line":61,"column":36}},"22":{"start":{"line":61,"column":24},"end":{"line":61,"column":36}},"23":{"start":{"line":64,"column":6},"end":{"line":70,"column":7}},"24":{"start":{"line":72,"column":4},"end":{"line":84,"column":6}},"25":{"start":{"line":87,"column":2},"end":{"line":128,"column":4}},"26":{"start":{"line":120,"column":38},"end":{"line":120,"column":49}},"27":{"start":{"line":131,"column":15},"end":{"line":222,"column":2}}},"fnMap":{"0":{"name":"(anonymous_0)","decl":{"start":{"line":22,"column":18},"end":{"line":22,"column":19}},"loc":{"start":{"line":22,"column":24},"end":{"line":129,"column":1}},"line":22},"1":{"name":"(anonymous_1)","decl":{"start":{"line":28,"column":12},"end":{"line":28,"column":13}},"loc":{"start":{"line":28,"column":18},"end":{"line":30,"column":3}},"line":28},"2":{"name":"(anonymous_2)","decl":{"start":{"line":32,"column":29},"end":{"line":32,"column":30}},"loc":{"start":{"line":32,"column":41},"end":{"line":58,"column":3}},"line":32},"3":{"name":"(anonymous_3)","decl":{"start":{"line":45,"column":46},"end":{"line":45,"column":47}},"loc":{"start":{"line":45,"column":81},"end":{"line":47,"column":9}},"line":45},"4":{"name":"(anonymous_4)","decl":{"start":{"line":60,"column":27},"end":{"line":60,"column":28}},"loc":{"start":{"line":60,"column":46},"end":{"line":85,"column":3}},"line":60},"5":{"name":"(anonymous_5)","decl":{"start":{"line":120,"column":28},"end":{"line":120,"column":29}},"loc":{"start":{"line":120,"column":38},"end":{"line":120,"column":49}},"line":120}},"branchMap":{"0":{"loc":{"start":{"line":38,"column":6},"end":{"line":41,"column":7}},"type":"if","locations":[{"start":{"line":38,"column":6},"end":{"line":41,"column":7}},{"start":{},"end":{}}],"line":38},"1":{"loc":{"start":{"line":43,"column":6},"end":{"line":51,"column":7}},"type":"if","locations":[{"start":{"line":43,"column":6},"end":{"line":51,"column":7}},{"start":{},"end":{}}],"line":43},"2":{"loc":{"start":{"line":61,"column":4},"end":{"line":61,"column":36}},"type":"if","locations":[{"start":{"line":61,"column":4},"end":{"line":61,"column":36}},{"start":{},"end":{}}],"line":61},"3":{"loc":{"start":{"line":64,"column":6},"end":{"line":70,"column":7}},"type":"binary-expr","locations":[{"start":{"line":64,"column":6},"end":{"line":64,"column":21}},{"start":{"line":65,"column":6},"end":{"line":70,"column":7}}],"line":64},"4":{"loc":{"start":{"line":76,"column":11},"end":{"line":76,"column":86}},"type":"binary-expr","locations":[{"start":{"line":76,"column":11},"end":{"line":76,"column":19}},{"start":{"line":76,"column":23},"end":{"line":76,"column":86}}],"line":76},"5":{"loc":{"start":{"line":89,"column":7},"end":{"line":126,"column":7}},"type":"cond-expr","locations":[{"start":{"line":90,"column":8},"end":{"line":92,"column":15}},{"start":{"line":94,"column":8},"end":{"line":125,"column":11}}],"line":89},"6":{"loc":{"start":{"line":97,"column":13},"end":{"line":106,"column":13}},"type":"cond-expr","locations":[{"start":{"line":98,"column":14},"end":{"line":103,"column":17}},{"start":{"line":105,"column":14},"end":{"line":105,"column":76}}],"line":97},"7":{"loc":{"start":{"line":111,"column":11},"end":{"line":124,"column":11}},"type":"cond-expr","locations":[{"start":{"line":112,"column":12},"end":{"line":115,"column":19}},{"start":{"line":117,"column":12},"end":{"line":123,"column":14}}],"line":111}},"s":{"0":0,"1":0,"2":0,"3":0,"4":0,"5":0,"6":0,"7":0,"8":0,"9":0,"10":0,"11":0,"12":0,"13":0,"14":0,"15":0,"16":0,"17":0,"18":0,"19":0,"20":0,"21":0,"22":0,"23":0,"24":0,"25":0,"26":0,"27":0},"f":{"0":0,"1":0,"2":0,"3":0,"4":0,"5":0},"b":{"0":[0,0],"1":[0,0],"2":[0,0],"3":[0,0],"4":[0,0],"5":[0,0],"6":[0,0],"7":[0,0]}}
,"D:\\Github\\geofranzy-rn\\src\\screens\\main\\ProfileScreen.tsx": {"path":"D:\\Github\\geofranzy-rn\\src\\screens\\main\\ProfileScreen.tsx","statementMap":{"0":{"start":{"line":16,"column":22},"end":{"line":128,"column":1}},"1":{"start":{"line":17,"column":55},"end":{"line":17,"column":64}},"2":{"start":{"line":18,"column":36},"end":{"line":18,"column":77}},"3":{"start":{"line":19,"column":34},"end":{"line":19,"column":49}},"4":{"start":{"line":20,"column":38},"end":{"line":20,"column":53}},"5":{"start":{"line":22,"column":32},"end":{"line":36,"column":3}},"6":{"start":{"line":23,"column":4},"end":{"line":23,"column":22}},"7":{"start":{"line":23,"column":15},"end":{"line":23,"column":22}},"8":{"start":{"line":25,"column":4},"end":{"line":35,"column":5}},"9":{"start":{"line":26,"column":6},"end":{"line":26,"column":24}},"10":{"start":{"line":27,"column":6},"end":{"line":27,"column":45}},"11":{"start":{"line":28,"column":6},"end":{"line":28,"column":48}},"12":{"start":{"line":29,"column":6},"end":{"line":29,"column":26}},"13":{"start":{"line":31,"column":6},"end":{"line":31,"column":58}},"14":{"start":{"line":32,"column":6},"end":{"line":32,"column":27}},"15":{"start":{"line":34,"column":6},"end":{"line":34,"column":25}},"16":{"start":{"line":38,"column":23},"end":{"line":56,"column":3}},"17":{"start":{"line":39,"column":4},"end":{"line":55,"column":7}},"18":{"start":{"line":44,"column":10},"end":{"line":52,"column":11}},"19":{"start":{"line":45,"column":12},"end":{"line":45,"column":32}},"20":{"start":{"line":46,"column":12},"end":{"line":46,"column":27}},"21":{"start":{"line":48,"column":12},"end":{"line":48,"column":53}},"22":{"start":{"line":49,"column":12},"end":{"line":49,"column":33}},"23":{"start":{"line":51,"column":12},"end":{"line":51,"column":33}},"24":{"start":{"line":58,"column":2},"end":{"line":127,"column":4}},"25":{"start":{"line":130,"column":15},"end":{"line":248,"column":2}}},"fnMap":{"0":{"name":"(anonymous_0)","decl":{"start":{"line":16,"column":22},"end":{"line":16,"column":23}},"loc":{"start":{"line":16,"column":28},"end":{"line":128,"column":1}},"line":16},"1":{"name":"(anonymous_1)","decl":{"start":{"line":22,"column":32},"end":{"line":22,"column":33}},"loc":{"start":{"line":22,"column":58},"end":{"line":36,"column":3}},"line":22},"2":{"name":"(anonymous_2)","decl":{"start":{"line":38,"column":23},"end":{"line":38,"column":24}},"loc":{"start":{"line":38,"column":35},"end":{"line":56,"column":3}},"line":38},"3":{"name":"(anonymous_3)","decl":{"start":{"line":40,"column":33},"end":{"line":40,"column":34}},"loc":{"start":{"line":40,"column":39},"end":{"line":40,"column":41}},"line":40},"4":{"name":"(anonymous_4)","decl":{"start":{"line":43,"column":17},"end":{"line":43,"column":18}},"loc":{"start":{"line":43,"column":29},"end":{"line":53,"column":9}},"line":43}},"branchMap":{"0":{"loc":{"start":{"line":18,"column":45},"end":{"line":18,"column":76}},"type":"binary-expr","locations":[{"start":{"line":18,"column":45},"end":{"line":18,"column":67}},{"start":{"line":18,"column":71},"end":{"line":18,"column":76}}],"line":18},"1":{"loc":{"start":{"line":23,"column":4},"end":{"line":23,"column":22}},"type":"if","locations":[{"start":{"line":23,"column":4},"end":{"line":23,"column":22}},{"start":{},"end":{}}],"line":23},"2":{"loc":{"start":{"line":99,"column":15},"end":{"line":101,"column":32}},"type":"cond-expr","locations":[{"start":{"line":100,"column":18},"end":{"line":100,"column":82}},{"start":{"line":101,"column":18},"end":{"line":101,"column":32}}],"line":99},"3":{"loc":{"start":{"line":109,"column":41},"end":{"line":109,"column":76}},"type":"binary-expr","locations":[{"start":{"line":109,"column":41},"end":{"line":109,"column":51}},{"start":{"line":109,"column":55},"end":{"line":109,"column":76}}],"line":109},"4":{"loc":{"start":{"line":113,"column":13},"end":{"line":117,"column":13}},"type":"cond-expr","locations":[{"start":{"line":114,"column":14},"end":{"line":114,"column":61}},{"start":{"line":116,"column":14},"end":{"line":116,"column":65}}],"line":113}},"s":{"0":0,"1":0,"2":0,"3":0,"4":0,"5":0,"6":0,"7":0,"8":0,"9":0,"10":0,"11":0,"12":0,"13":0,"14":0,"15":0,"16":0,"17":0,"18":0,"19":0,"20":0,"21":0,"22":0,"23":0,"24":0,"25":0},"f":{"0":0,"1":0,"2":0,"3":0,"4":0},"b":{"0":[0,0],"1":[0,0],"2":[0,0],"3":[0,0],"4":[0,0]}}
,"D:\\Github\\geofranzy-rn\\src\\screens\\main\\SOSScreen.tsx": {"path":"D:\\Github\\geofranzy-rn\\src\\screens\\main\\SOSScreen.tsx","statementMap":{"0":{"start":{"line":18,"column":18},"end":{"line":129,"column":1}},"1":{"start":{"line":19,"column":32},"end":{"line":19,"column":41}},"2":{"start":{"line":20,"column":32},"end":{"line":20,"column":47}},"3":{"start":{"line":21,"column":36},"end":{"line":21,"column":48}},"4":{"start":{"line":22,"column":42},"end":{"line":22,"column":57}},"5":{"start":{"line":24,"column":2},"end":{"line":28,"column":9}},"6":{"start":{"line":25,"column":4},"end":{"line":25,"column":23}},"7":{"start":{"line":26,"column":21},"end":{"line":26,"column":56}},"8":{"start":{"line":27,"column":4},"end":{"line":27,"column":41}},"9":{"start":{"line":27,"column":17},"end":{"line":27,"column":40}},"10":{"start":{"line":30,"column":27},"end":{"line":37,"column":3}},"11":{"start":{"line":31,"column":4},"end":{"line":36,"column":5}},"12":{"start":{"line":32,"column":21},"end":{"line":32,"column":47}},"13":{"start":{"line":33,"column":6},"end":{"line":33,"column":27}},"14":{"start":{"line":35,"column":6},"end":{"line":35,"column":57}},"15":{"start":{"line":39,"column":29},"end":{"line":62,"column":3}},"16":{"start":{"line":40,"column":4},"end":{"line":40,"column":38}},"17":{"start":{"line":40,"column":31},"end":{"line":40,"column":38}},"18":{"start":{"line":42,"column":4},"end":{"line":61,"column":5}},"19":{"start":{"line":43,"column":6},"end":{"line":43,"column":28}},"20":{"start":{"line":45,"column":23},"end":{"line":45,"column":49}},"21":{"start":{"line":46,"column":6},"end":{"line":49,"column":7}},"22":{"start":{"line":47,"column":8},"end":{"line":47,"column":74}},"23":{"start":{"line":48,"column":8},"end":{"line":48,"column":15}},"24":{"start":{"line":51,"column":6},"end":{"line":51,"column":99}},"25":{"start":{"line":52,"column":6},"end":{"line":52,"column":57}},"26":{"start":{"line":54,"column":6},"end":{"line":54,"column":84}},"27":{"start":{"line":55,"column":6},"end":{"line":55,"column":31}},"28":{"start":{"line":57,"column":6},"end":{"line":57,"column":68}},"29":{"start":{"line":58,"column":6},"end":{"line":58,"column":27}},"30":{"start":{"line":60,"column":6},"end":{"line":60,"column":29}},"31":{"start":{"line":64,"column":29},"end":{"line":72,"column":3}},"32":{"start":{"line":65,"column":4},"end":{"line":71,"column":5}},"33":{"start":{"line":66,"column":6},"end":{"line":66,"column":35}},"34":{"start":{"line":67,"column":6},"end":{"line":67,"column":31}},"35":{"start":{"line":69,"column":6},"end":{"line":69,"column":54}},"36":{"start":{"line":70,"column":6},"end":{"line":70,"column":27}},"37":{"start":{"line":74,"column":25},"end":{"line":90,"column":3}},"38":{"start":{"line":75,"column":4},"end":{"line":89,"column":11}},"39":{"start":{"line":85,"column":23},"end":{"line":85,"column":50}},"40":{"start":{"line":92,"column":2},"end":{"line":128,"column":4}},"41":{"start":{"line":122,"column":36},"end":{"line":122,"column":43}},"42":{"start":{"line":131,"column":15},"end":{"line":222,"column":2}}},"fnMap":{"0":{"name":"(anonymous_0)","decl":{"start":{"line":18,"column":18},"end":{"line":18,"column":19}},"loc":{"start":{"line":18,"column":24},"end":{"line":129,"column":1}},"line":18},"1":{"name":"(anonymous_1)","decl":{"start":{"line":24,"column":12},"end":{"line":24,"column":13}},"loc":{"start":{"line":24,"column":18},"end":{"line":28,"column":3}},"line":24},"2":{"name":"(anonymous_2)","decl":{"start":{"line":27,"column":11},"end":{"line":27,"column":12}},"loc":{"start":{"line":27,"column":17},"end":{"line":27,"column":40}},"line":27},"3":{"name":"(anonymous_3)","decl":{"start":{"line":30,"column":27},"end":{"line":30,"column":28}},"loc":{"start":{"line":30,"column":39},"end":{"line":37,"column":3}},"line":30},"4":{"name":"(anonymous_4)","decl":{"start":{"line":39,"column":29},"end":{"line":39,"column":30}},"loc":{"start":{"line":39,"column":41},"end":{"line":62,"column":3}},"line":39},"5":{"name":"(anonymous_5)","decl":{"start":{"line":64,"column":29},"end":{"line":64,"column":30}},"loc":{"start":{"line":64,"column":54},"end":{"line":72,"column":3}},"line":64},"6":{"name":"(anonymous_6)","decl":{"start":{"line":74,"column":25},"end":{"line":74,"column":26}},"loc":{"start":{"line":75,"column":4},"end":{"line":89,"column":11}},"line":75},"7":{"name":"(anonymous_7)","decl":{"start":{"line":85,"column":17},"end":{"line":85,"column":18}},"loc":{"start":{"line":85,"column":23},"end":{"line":85,"column":50}},"line":85},"8":{"name":"(anonymous_8)","decl":{"start":{"line":122,"column":26},"end":{"line":122,"column":27}},"loc":{"start":{"line":122,"column":36},"end":{"line":122,"column":43}},"line":122}},"branchMap":{"0":{"loc":{"start":{"line":40,"column":4},"end":{"line":40,"column":38}},"type":"if","locations":[{"start":{"line":40,"column":4},"end":{"line":40,"column":38}},{"start":{},"end":{}}],"line":40},"1":{"loc":{"start":{"line":40,"column":8},"end":{"line":40,"column":29}},"type":"binary-expr","locations":[{"start":{"line":40,"column":8},"end":{"line":40,"column":13}},{"start":{"line":40,"column":17},"end":{"line":40,"column":29}}],"line":40},"2":{"loc":{"start":{"line":46,"column":6},"end":{"line":49,"column":7}},"type":"if","locations":[{"start":{"line":46,"column":6},"end":{"line":49,"column":7}},{"start":{},"end":{}}],"line":46},"3":{"loc":{"start":{"line":96,"column":36},"end":{"line":96,"column":76}},"type":"binary-expr","locations":[{"start":{"line":96,"column":36},"end":{"line":96,"column":48}},{"start":{"line":96,"column":52},"end":{"line":96,"column":76}}],"line":96},"4":{"loc":{"start":{"line":100,"column":11},"end":{"line":108,"column":11}},"type":"cond-expr","locations":[{"start":{"line":101,"column":12},"end":{"line":101,"column":64}},{"start":{"line":103,"column":12},"end":{"line":107,"column":15}}],"line":100},"5":{"loc":{"start":{"line":114,"column":9},"end":{"line":125,"column":9}},"type":"cond-expr","locations":[{"start":{"line":115,"column":10},"end":{"line":117,"column":17}},{"start":{"line":119,"column":10},"end":{"line":124,"column":12}}],"line":114}},"s":{"0":0,"1":0,"2":0,"3":0,"4":0,"5":0,"6":0,"7":0,"8":0,"9":0,"10":0,"11":0,"12":0,"13":0,"14":0,"15":0,"16":0,"17":0,"18":0,"19":0,"20":0,"21":0,"22":0,"23":0,"24":0,"25":0,"26":0,"27":0,"28":0,"29":0,"30":0,"31":0,"32":0,"33":0,"34":0,"35":0,"36":0,"37":0,"38":0,"39":0,"40":0,"41":0,"42":0},"f":{"0":0,"1":0,"2":0,"3":0,"4":0,"5":0,"6":0,"7":0,"8":0},"b":{"0":[0,0],"1":[0,0],"2":[0,0],"3":[0,0],"4":[0,0],"5":[0,0]}}
,"D:\\Github\\geofranzy-rn\\src\\screens\\main\\WeatherScreen.tsx": {"path":"D:\\Github\\geofranzy-rn\\src\\screens\\main\\WeatherScreen.tsx","statementMap":{"0":{"start":{"line":24,"column":22},"end":{"line":164,"column":1}},"1":{"start":{"line":25,"column":32},"end":{"line":25,"column":41}},"2":{"start":{"line":26,"column":32},"end":{"line":26,"column":66}},"3":{"start":{"line":27,"column":32},"end":{"line":27,"column":47}},"4":{"start":{"line":28,"column":32},"end":{"line":28,"column":47}},"5":{"start":{"line":30,"column":23},"end":{"line":64,"column":3}},"6":{"start":{"line":31,"column":4},"end":{"line":63,"column":5}},"7":{"start":{"line":32,"column":6},"end":{"line":32,"column":23}},"8":{"start":{"line":34,"column":23},"end":{"line":34,"column":49}},"9":{"start":{"line":35,"column":6},"end":{"line":38,"column":7}},"10":{"start":{"line":36,"column":8},"end":{"line":36,"column":55}},"11":{"start":{"line":37,"column":8},"end":{"line":37,"column":15}},"12":{"start":{"line":41,"column":21},"end":{"line":41,"column":64}},"13":{"start":{"line":42,"column":6},"end":{"line":45,"column":7}},"14":{"start":{"line":43,"column":8},"end":{"line":43,"column":63}},"15":{"start":{"line":44,"column":8},"end":{"line":44,"column":15}},"16":{"start":{"line":47,"column":23},"end":{"line":49,"column":7}},"17":{"start":{"line":51,"column":19},"end":{"line":51,"column":32}},"18":{"start":{"line":52,"column":6},"end":{"line":57,"column":9}},"19":{"start":{"line":59,"column":6},"end":{"line":59,"column":59}},"20":{"start":{"line":60,"column":6},"end":{"line":60,"column":27}},"21":{"start":{"line":62,"column":6},"end":{"line":62,"column":24}},"22":{"start":{"line":66,"column":29},"end":{"line":80,"column":3}},"23":{"start":{"line":67,"column":4},"end":{"line":67,"column":50}},"24":{"start":{"line":67,"column":43},"end":{"line":67,"column":50}},"25":{"start":{"line":69,"column":4},"end":{"line":79,"column":5}},"26":{"start":{"line":70,"column":6},"end":{"line":70,"column":23}},"27":{"start":{"line":72,"column":6},"end":{"line":72,"column":73}},"28":{"start":{"line":73,"column":6},"end":{"line":73,"column":66}},"29":{"start":{"line":75,"column":6},"end":{"line":75,"column":54}},"30":{"start":{"line":76,"column":6},"end":{"line":76,"column":27}},"31":{"start":{"line":78,"column":6},"end":{"line":78,"column":24}},"32":{"start":{"line":82,"column":26},"end":{"line":94,"column":3}},"33":{"start":{"line":83,"column":47},"end":{"line":92,"column":5}},"34":{"start":{"line":93,"column":4},"end":{"line":93,"column":42}},"35":{"start":{"line":96,"column":2},"end":{"line":163,"column":4}},"36":{"start":{"line":166,"column":15},"end":{"line":272,"column":2}}},"fnMap":{"0":{"name":"(anonymous_0)","decl":{"start":{"line":24,"column":22},"end":{"line":24,"column":23}},"loc":{"start":{"line":24,"column":28},"end":{"line":164,"column":1}},"line":24},"1":{"name":"(anonymous_1)","decl":{"start":{"line":30,"column":23},"end":{"line":30,"column":24}},"loc":{"start":{"line":30,"column":35},"end":{"line":64,"column":3}},"line":30},"2":{"name":"(anonymous_2)","decl":{"start":{"line":66,"column":29},"end":{"line":66,"column":30}},"loc":{"start":{"line":66,"column":41},"end":{"line":80,"column":3}},"line":66},"3":{"name":"(anonymous_3)","decl":{"start":{"line":82,"column":26},"end":{"line":82,"column":27}},"loc":{"start":{"line":82,"column":57},"end":{"line":94,"column":3}},"line":82}},"branchMap":{"0":{"loc":{"start":{"line":35,"column":6},"end":{"line":38,"column":7}},"type":"if","locations":[{"start":{"line":35,"column":6},"end":{"line":38,"column":7}},{"start":{},"end":{}}],"line":35},"1":{"loc":{"start":{"line":42,"column":6},"end":{"line":45,"column":7}},"type":"if","locations":[{"start":{"line":42,"column":6},"end":{"line":45,"column":7}},{"start":{},"end":{}}],"line":42},"2":{"loc":{"start":{"line":67,"column":4},"end":{"line":67,"column":50}},"type":"if","locations":[{"start":{"line":67,"column":4},"end":{"line":67,"column":50}},{"start":{},"end":{}}],"line":67},"3":{"loc":{"start":{"line":67,"column":8},"end":{"line":67,"column":41}},"type":"binary-expr","locations":[{"start":{"line":67,"column":8},"end":{"line":67,"column":13}},{"start":{"line":67,"column":17},"end":{"line":67,"column":29}},{"start":{"line":67,"column":33},"end":{"line":67,"column":41}}],"line":67},"4":{"loc":{"start":{"line":93,"column":11},"end":{"line":93,"column":41}},"type":"binary-expr","locations":[{"start":{"line":93,"column":11},"end":{"line":93,"column":32}},{"start":{"line":93,"column":36},"end":{"line":93,"column":41}}],"line":93},"5":{"loc":{"start":{"line":99,"column":9},"end":{"line":160,"column":9}},"type":"cond-expr","locations":[{"start":{"line":100,"column":10},"end":{"line":137,"column":13}},{"start":{"line":139,"column":10},"end":{"line":159,"column":13}}],"line":99},"6":{"loc":{"start":{"line":119,"column":57},"end":{"line":119,"column":89}},"type":"binary-expr","locations":[{"start":{"line":119,"column":57},"end":{"line":119,"column":64}},{"start":{"line":119,"column":68},"end":{"line":119,"column":89}}],"line":119},"7":{"loc":{"start":{"line":123,"column":15},"end":{"line":127,"column":15}},"type":"cond-expr","locations":[{"start":{"line":124,"column":16},"end":{"line":124,"column":68}},{"start":{"line":126,"column":16},"end":{"line":126,"column":73}}],"line":123},"8":{"loc":{"start":{"line":149,"column":57},"end":{"line":149,"column":89}},"type":"binary-expr","locations":[{"start":{"line":149,"column":57},"end":{"line":149,"column":64}},{"start":{"line":149,"column":68},"end":{"line":149,"column":89}}],"line":149},"9":{"loc":{"start":{"line":153,"column":15},"end":{"line":157,"column":15}},"type":"cond-expr","locations":[{"start":{"line":154,"column":16},"end":{"line":154,"column":68}},{"start":{"line":156,"column":16},"end":{"line":156,"column":66}}],"line":153}},"s":{"0":0,"1":0,"2":0,"3":0,"4":0,"5":0,"6":0,"7":0,"8":0,"9":0,"10":0,"11":0,"12":0,"13":0,"14":0,"15":0,"16":0,"17":0,"18":0,"19":0,"20":0,"21":0,"22":0,"23":0,"24":0,"25":0,"26":0,"27":0,"28":0,"29":0,"30":0,"31":0,"32":0,"33":0,"34":0,"35":0,"36":0},"f":{"0":0,"1":0,"2":0,"3":0},"b":{"0":[0,0],"1":[0,0],"2":[0,0],"3":[0,0,0],"4":[0,0],"5":[0,0],"6":[0,0],"7":[0,0],"8":[0,0],"9":[0,0]}}
,"D:\\Github\\geofranzy-rn\\src\\services\\firebase.ts": {"path":"D:\\Github\\geofranzy-rn\\src\\services\\firebase.ts","statementMap":{"0":{"start":{"line":6,"column":23},"end":{"line":14,"column":1}},"1":{"start":{"line":17,"column":12},"end":{"line":17,"column":41}},"2":{"start":{"line":20,"column":20},"end":{"line":20,"column":32}},"3":{"start":{"line":21,"column":18},"end":{"line":21,"column":35}},"4":{"start":{"line":22,"column":23},"end":{"line":22,"column":38}}},"fnMap":{},"branchMap":{},"s":{"0":0,"1":0,"2":0,"3":0,"4":0},"f":{},"b":{}}
,"D:\\Github\\geofranzy-rn\\src\\services\\firestoreService.ts": {"path":"D:\\Github\\geofranzy-rn\\src\\services\\firestoreService.ts","statementMap":{"0":{"start":{"line":29,"column":33},"end":{"line":42,"column":1}},"1":{"start":{"line":30,"column":2},"end":{"line":41,"column":3}},"2":{"start":{"line":31,"column":25},"end":{"line":31,"column":55}},"3":{"start":{"line":32,"column":4},"end":{"line":37,"column":7}},"4":{"start":{"line":39,"column":4},"end":{"line":39,"column":58}},"5":{"start":{"line":40,"column":4},"end":{"line":40,"column":16}},"6":{"start":{"line":47,"column":35},"end":{"line":57,"column":1}},"7":{"start":{"line":48,"column":2},"end":{"line":56,"column":3}},"8":{"start":{"line":49,"column":22},"end":{"line":49,"column":51}},"9":{"start":{"line":50,"column":4},"end":{"line":52,"column":7}},"10":{"start":{"line":54,"column":4},"end":{"line":54,"column":60}},"11":{"start":{"line":55,"column":4},"end":{"line":55,"column":16}},"12":{"start":{"line":62,"column":30},"end":{"line":80,"column":1}},"13":{"start":{"line":63,"column":2},"end":{"line":79,"column":3}},"14":{"start":{"line":64,"column":23},"end":{"line":64,"column":48}},"15":{"start":{"line":65,"column":19},"end":{"line":69,"column":5}},"16":{"start":{"line":71,"column":21},"end":{"line":71,"column":42}},"17":{"start":{"line":72,"column":4},"end":{"line":75,"column":20}},"18":{"start":{"line":72,"column":39},"end":{"line":75,"column":5}},"19":{"start":{"line":77,"column":4},"end":{"line":77,"column":56}},"20":{"start":{"line":78,"column":4},"end":{"line":78,"column":16}},"21":{"start":{"line":85,"column":28},"end":{"line":102,"column":1}},"22":{"start":{"line":86,"column":2},"end":{"line":101,"column":3}},"23":{"start":{"line":87,"column":23},"end":{"line":87,"column":48}},"24":{"start":{"line":88,"column":24},"end":{"line":92,"column":5}},"25":{"start":{"line":94,"column":21},"end":{"line":94,"column":47}},"26":{"start":{"line":95,"column":4},"end":{"line":97,"column":5}},"27":{"start":{"line":96,"column":6},"end":{"line":96,"column":31}},"28":{"start":{"line":99,"column":4},"end":{"line":99,"column":51}},"29":{"start":{"line":100,"column":4},"end":{"line":100,"column":16}},"30":{"start":{"line":120,"column":28},"end":{"line":143,"column":1}},"31":{"start":{"line":127,"column":2},"end":{"line":142,"column":3}},"32":{"start":{"line":128,"column":19},"end":{"line":136,"column":6}},"33":{"start":{"line":138,"column":4},"end":{"line":138,"column":21}},"34":{"start":{"line":140,"column":4},"end":{"line":140,"column":52}},"35":{"start":{"line":141,"column":4},"end":{"line":141,"column":16}},"36":{"start":{"line":148,"column":31},"end":{"line":158,"column":1}},"37":{"start":{"line":149,"column":2},"end":{"line":157,"column":3}},"38":{"start":{"line":150,"column":19},"end":{"line":150,"column":47}},"39":{"start":{"line":151,"column":4},"end":{"line":153,"column":7}},"40":{"start":{"line":155,"column":4},"end":{"line":155,"column":55}},"41":{"start":{"line":156,"column":4},"end":{"line":156,"column":16}},"42":{"start":{"line":163,"column":34},"end":{"line":177,"column":1}},"43":{"start":{"line":164,"column":2},"end":{"line":176,"column":3}},"44":{"start":{"line":165,"column":19},"end":{"line":165,"column":47}},"45":{"start":{"line":166,"column":21},"end":{"line":166,"column":67}},"46":{"start":{"line":167,"column":21},"end":{"line":167,"column":44}},"47":{"start":{"line":169,"column":4},"end":{"line":172,"column":22}},"48":{"start":{"line":169,"column":39},"end":{"line":172,"column":5}},"49":{"start":{"line":174,"column":4},"end":{"line":174,"column":54}},"50":{"start":{"line":175,"column":4},"end":{"line":175,"column":16}},"51":{"start":{"line":195,"column":28},"end":{"line":223,"column":1}},"52":{"start":{"line":206,"column":2},"end":{"line":222,"column":3}},"53":{"start":{"line":207,"column":23},"end":{"line":207,"column":49}},"54":{"start":{"line":208,"column":4},"end":{"line":218,"column":6}},"55":{"start":{"line":220,"column":4},"end":{"line":220,"column":51}},"56":{"start":{"line":221,"column":4},"end":{"line":221,"column":16}},"57":{"start":{"line":228,"column":33},"end":{"line":242,"column":1}},"58":{"start":{"line":229,"column":2},"end":{"line":241,"column":3}},"59":{"start":{"line":230,"column":4},"end":{"line":230,"column":42}},"60":{"start":{"line":230,"column":32},"end":{"line":230,"column":42}},"61":{"start":{"line":232,"column":23},"end":{"line":232,"column":48}},"62":{"start":{"line":233,"column":21},"end":{"line":233,"column":46}},"63":{"start":{"line":235,"column":4},"end":{"line":237,"column":51}},"64":{"start":{"line":236,"column":20},"end":{"line":236,"column":45}},"65":{"start":{"line":237,"column":21},"end":{"line":237,"column":49}},"66":{"start":{"line":239,"column":4},"end":{"line":239,"column":59}},"67":{"start":{"line":240,"column":4},"end":{"line":240,"column":16}},"68":{"start":{"line":261,"column":26},"end":{"line":287,"column":1}},"69":{"start":{"line":270,"column":2},"end":{"line":286,"column":3}},"70":{"start":{"line":271,"column":23},"end":{"line":280,"column":6}},"71":{"start":{"line":282,"column":4},"end":{"line":282,"column":25}},"72":{"start":{"line":284,"column":4},"end":{"line":284,"column":51}},"73":{"start":{"line":285,"column":4},"end":{"line":285,"column":16}},"74":{"start":{"line":292,"column":33},"end":{"line":322,"column":1}},"75":{"start":{"line":293,"column":2},"end":{"line":321,"column":3}},"76":{"start":{"line":294,"column":23},"end":{"line":294,"column":56}},"77":{"start":{"line":295,"column":19},"end":{"line":295,"column":68}},"78":{"start":{"line":296,"column":19},"end":{"line":296,"column":68}},"79":{"start":{"line":298,"column":22},"end":{"line":298,"column":43}},"80":{"start":{"line":299,"column":22},"end":{"line":299,"column":43}},"81":{"start":{"line":301,"column":39},"end":{"line":301,"column":41}},"82":{"start":{"line":303,"column":4},"end":{"line":308,"column":7}},"83":{"start":{"line":304,"column":6},"end":{"line":307,"column":27}},"84":{"start":{"line":310,"column":4},"end":{"line":315,"column":7}},"85":{"start":{"line":311,"column":6},"end":{"line":314,"column":27}},"86":{"start":{"line":317,"column":4},"end":{"line":317,"column":66}},"87":{"start":{"line":317,"column":35},"end":{"line":317,"column":64}},"88":{"start":{"line":319,"column":4},"end":{"line":319,"column":59}},"89":{"start":{"line":320,"column":4},"end":{"line":320,"column":16}},"90":{"start":{"line":329,"column":31},"end":{"line":339,"column":1}},"91":{"start":{"line":330,"column":2},"end":{"line":338,"column":3}},"92":{"start":{"line":331,"column":20},"end":{"line":331,"column":44}},"93":{"start":{"line":332,"column":4},"end":{"line":334,"column":7}},"94":{"start":{"line":336,"column":4},"end":{"line":336,"column":55}},"95":{"start":{"line":337,"column":4},"end":{"line":337,"column":16}}},"fnMap":{"0":{"name":"(anonymous_0)","decl":{"start":{"line":29,"column":33},"end":{"line":29,"column":34}},"loc":{"start":{"line":29,"column":96},"end":{"line":42,"column":1}},"line":29},"1":{"name":"(anonymous_1)","decl":{"start":{"line":47,"column":35},"end":{"line":47,"column":36}},"loc":{"start":{"line":47,"column":79},"end":{"line":57,"column":1}},"line":47},"2":{"name":"(anonymous_2)","decl":{"start":{"line":62,"column":30},"end":{"line":62,"column":31}},"loc":{"start":{"line":62,"column":75},"end":{"line":80,"column":1}},"line":62},"3":{"name":"(anonymous_3)","decl":{"start":{"line":72,"column":29},"end":{"line":72,"column":30}},"loc":{"start":{"line":72,"column":39},"end":{"line":75,"column":5}},"line":72},"4":{"name":"(anonymous_4)","decl":{"start":{"line":85,"column":28},"end":{"line":85,"column":29}},"loc":{"start":{"line":85,"column":87},"end":{"line":102,"column":1}},"line":85},"5":{"name":"(anonymous_5)","decl":{"start":{"line":120,"column":28},"end":{"line":120,"column":29}},"loc":{"start":{"line":126,"column":22},"end":{"line":143,"column":1}},"line":126},"6":{"name":"(anonymous_6)","decl":{"start":{"line":148,"column":31},"end":{"line":148,"column":32}},"loc":{"start":{"line":148,"column":71},"end":{"line":158,"column":1}},"line":148},"7":{"name":"(anonymous_7)","decl":{"start":{"line":163,"column":34},"end":{"line":163,"column":35}},"loc":{"start":{"line":163,"column":67},"end":{"line":177,"column":1}},"line":163},"8":{"name":"(anonymous_8)","decl":{"start":{"line":169,"column":29},"end":{"line":169,"column":30}},"loc":{"start":{"line":169,"column":39},"end":{"line":172,"column":5}},"line":169},"9":{"name":"(anonymous_9)","decl":{"start":{"line":195,"column":28},"end":{"line":195,"column":29}},"loc":{"start":{"line":205,"column":20},"end":{"line":223,"column":1}},"line":205},"10":{"name":"(anonymous_10)","decl":{"start":{"line":228,"column":33},"end":{"line":228,"column":34}},"loc":{"start":{"line":228,"column":88},"end":{"line":242,"column":1}},"line":228},"11":{"name":"(anonymous_11)","decl":{"start":{"line":236,"column":11},"end":{"line":236,"column":12}},"loc":{"start":{"line":236,"column":20},"end":{"line":236,"column":45}},"line":236},"12":{"name":"(anonymous_12)","decl":{"start":{"line":237,"column":14},"end":{"line":237,"column":15}},"loc":{"start":{"line":237,"column":21},"end":{"line":237,"column":49}},"line":237},"13":{"name":"(anonymous_13)","decl":{"start":{"line":261,"column":26},"end":{"line":261,"column":27}},"loc":{"start":{"line":269,"column":22},"end":{"line":287,"column":1}},"line":269},"14":{"name":"(anonymous_14)","decl":{"start":{"line":292,"column":33},"end":{"line":292,"column":34}},"loc":{"start":{"line":292,"column":86},"end":{"line":322,"column":1}},"line":292},"15":{"name":"(anonymous_15)","decl":{"start":{"line":303,"column":27},"end":{"line":303,"column":28}},"loc":{"start":{"line":303,"column":36},"end":{"line":308,"column":5}},"line":303},"16":{"name":"(anonymous_16)","decl":{"start":{"line":310,"column":27},"end":{"line":310,"column":28}},"loc":{"start":{"line":310,"column":36},"end":{"line":315,"column":5}},"line":310},"17":{"name":"(anonymous_17)","decl":{"start":{"line":317,"column":25},"end":{"line":317,"column":26}},"loc":{"start":{"line":317,"column":35},"end":{"line":317,"column":64}},"line":317},"18":{"name":"(anonymous_18)","decl":{"start":{"line":329,"column":31},"end":{"line":329,"column":32}},"loc":{"start":{"line":329,"column":90},"end":{"line":339,"column":1}},"line":329}},"branchMap":{"0":{"loc":{"start":{"line":125,"column":2},"end":{"line":125,"column":34}},"type":"default-arg","locations":[{"start":{"line":125,"column":20},"end":{"line":125,"column":34}}],"line":125},"1":{"loc":{"start":{"line":230,"column":4},"end":{"line":230,"column":42}},"type":"if","locations":[{"start":{"line":230,"column":4},"end":{"line":230,"column":42}},{"start":{},"end":{}}],"line":230}},"s":{"0":0,"1":0,"2":0,"3":0,"4":0,"5":0,"6":0,"7":0,"8":0,"9":0,"10":0,"11":0,"12":0,"13":0,"14":0,"15":0,"16":0,"17":0,"18":0,"19":0,"20":0,"21":0,"22":0,"23":0,"24":0,"25":0,"26":0,"27":0,"28":0,"29":0,"30":0,"31":0,"32":0,"33":0,"34":0,"35":0,"36":0,"37":0,"38":0,"39":0,"40":0,"41":0,"42":0,"43":0,"44":0,"45":0,"46":0,"47":0,"48":0,"49":0,"50":0,"51":0,"52":0,"53":0,"54":0,"55":0,"56":0,"57":0,"58":0,"59":0,"60":0,"61":0,"62":0,"63":0,"64":0,"65":0,"66":0,"67":0,"68":0,"69":0,"70":0,"71":0,"72":0,"73":0,"74":0,"75":0,"76":0,"77":0,"78":0,"79":0,"80":0,"81":0,"82":0,"83":0,"84":0,"85":0,"86":0,"87":0,"88":0,"89":0,"90":0,"91":0,"92":0,"93":0,"94":0,"95":0},"f":{"0":0,"1":0,"2":0,"3":0,"4":0,"5":0,"6":0,"7":0,"8":0,"9":0,"10":0,"11":0,"12":0,"13":0,"14":0,"15":0,"16":0,"17":0,"18":0},"b":{"0":[0],"1":[0,0]}}
,"D:\\Github\\geofranzy-rn\\src\\services\\index.ts": {"path":"D:\\Github\\geofranzy-rn\\src\\services\\index.ts","statementMap":{},"fnMap":{},"branchMap":{},"s":{},"f":{},"b":{}}
,"D:\\Github\\geofranzy-rn\\src\\services\\locationService.ts": {"path":"D:\\Github\\geofranzy-rn\\src\\services\\locationService.ts","statementMap":{"0":{"start":{"line":23,"column":65},"end":{"line":23,"column":69}},"1":{"start":{"line":28,"column":41},"end":{"line":41,"column":1}},"2":{"start":{"line":29,"column":2},"end":{"line":40,"column":3}},"3":{"start":{"line":30,"column":23},"end":{"line":30,"column":73}},"4":{"start":{"line":31,"column":4},"end":{"line":35,"column":5}},"5":{"start":{"line":33,"column":6},"end":{"line":33,"column":57}},"6":{"start":{"line":34,"column":6},"end":{"line":34,"column":18}},"7":{"start":{"line":36,"column":4},"end":{"line":36,"column":17}},"8":{"start":{"line":38,"column":4},"end":{"line":38,"column":66}},"9":{"start":{"line":39,"column":4},"end":{"line":39,"column":17}},"10":{"start":{"line":46,"column":39},"end":{"line":54,"column":1}},"11":{"start":{"line":47,"column":2},"end":{"line":53,"column":3}},"12":{"start":{"line":48,"column":23},"end":{"line":48,"column":69}},"13":{"start":{"line":49,"column":4},"end":{"line":49,"column":32}},"14":{"start":{"line":51,"column":4},"end":{"line":51,"column":64}},"15":{"start":{"line":52,"column":4},"end":{"line":52,"column":17}},"16":{"start":{"line":59,"column":34},"end":{"line":78,"column":1}},"17":{"start":{"line":60,"column":2},"end":{"line":77,"column":3}},"18":{"start":{"line":61,"column":21},"end":{"line":63,"column":6}},"19":{"start":{"line":65,"column":4},"end":{"line":73,"column":6}},"20":{"start":{"line":75,"column":4},"end":{"line":75,"column":60}},"21":{"start":{"line":76,"column":4},"end":{"line":76,"column":16}},"22":{"start":{"line":83,"column":37},"end":{"line":155,"column":1}},"23":{"start":{"line":88,"column":2},"end":{"line":154,"column":3}},"24":{"start":{"line":89,"column":26},"end":{"line":89,"column":57}},"25":{"start":{"line":90,"column":4},"end":{"line":92,"column":5}},"26":{"start":{"line":91,"column":6},"end":{"line":91,"column":57}},"27":{"start":{"line":94,"column":24},"end":{"line":148,"column":5}},"28":{"start":{"line":101,"column":49},"end":{"line":109,"column":9}},"29":{"start":{"line":112,"column":8},"end":{"line":114,"column":9}},"30":{"start":{"line":113,"column":10},"end":{"line":113,"column":40}},"31":{"start":{"line":117,"column":8},"end":{"line":146,"column":9}},"32":{"start":{"line":118,"column":31},"end":{"line":118,"column":59}},"33":{"start":{"line":119,"column":10},"end":{"line":132,"column":12}},"34":{"start":{"line":135,"column":26},"end":{"line":135,"column":50}},"35":{"start":{"line":136,"column":10},"end":{"line":143,"column":12}},"36":{"start":{"line":145,"column":10},"end":{"line":145,"column":72}},"37":{"start":{"line":150,"column":4},"end":{"line":150,"column":39}},"38":{"start":{"line":152,"column":4},"end":{"line":152,"column":62}},"39":{"start":{"line":153,"column":4},"end":{"line":153,"column":16}},"40":{"start":{"line":160,"column":36},"end":{"line":165,"column":1}},"41":{"start":{"line":161,"column":2},"end":{"line":164,"column":3}},"42":{"start":{"line":162,"column":4},"end":{"line":162,"column":34}},"43":{"start":{"line":163,"column":4},"end":{"line":163,"column":32}},"44":{"start":{"line":170,"column":34},"end":{"line":205,"column":1}},"45":{"start":{"line":171,"column":2},"end":{"line":204,"column":3}},"46":{"start":{"line":172,"column":21},"end":{"line":172,"column":47}},"47":{"start":{"line":173,"column":4},"end":{"line":173,"column":26}},"48":{"start":{"line":173,"column":19},"end":{"line":173,"column":26}},"49":{"start":{"line":175,"column":25},"end":{"line":175,"column":53}},"50":{"start":{"line":176,"column":4},"end":{"line":189,"column":6}},"51":{"start":{"line":192,"column":20},"end":{"line":192,"column":44}},"52":{"start":{"line":193,"column":4},"end":{"line":200,"column":6}},"53":{"start":{"line":202,"column":4},"end":{"line":202,"column":58}},"54":{"start":{"line":203,"column":4},"end":{"line":203,"column":16}},"55":{"start":{"line":210,"column":33},"end":{"line":218,"column":1}},"56":{"start":{"line":211,"column":2},"end":{"line":217,"column":3}},"57":{"start":{"line":212,"column":4},"end":{"line":212,"column":33}},"58":{"start":{"line":216,"column":4},"end":{"line":216,"column":58}}},"fnMap":{"0":{"name":"(anonymous_0)","decl":{"start":{"line":28,"column":41},"end":{"line":28,"column":42}},"loc":{"start":{"line":28,"column":71},"end":{"line":41,"column":1}},"line":28},"1":{"name":"(anonymous_1)","decl":{"start":{"line":46,"column":39},"end":{"line":46,"column":40}},"loc":{"start":{"line":46,"column":69},"end":{"line":54,"column":1}},"line":46},"2":{"name":"(anonymous_2)","decl":{"start":{"line":59,"column":34},"end":{"line":59,"column":35}},"loc":{"start":{"line":59,"column":83},"end":{"line":78,"column":1}},"line":59},"3":{"name":"(anonymous_3)","decl":{"start":{"line":83,"column":37},"end":{"line":83,"column":38}},"loc":{"start":{"line":87,"column":20},"end":{"line":155,"column":1}},"line":87},"4":{"name":"(anonymous_4)","decl":{"start":{"line":100,"column":6},"end":{"line":100,"column":7}},"loc":{"start":{"line":100,"column":26},"end":{"line":147,"column":7}},"line":100},"5":{"name":"(anonymous_5)","decl":{"start":{"line":160,"column":36},"end":{"line":160,"column":37}},"loc":{"start":{"line":160,"column":63},"end":{"line":165,"column":1}},"line":160},"6":{"name":"(anonymous_6)","decl":{"start":{"line":170,"column":34},"end":{"line":170,"column":35}},"loc":{"start":{"line":170,"column":75},"end":{"line":205,"column":1}},"line":170},"7":{"name":"(anonymous_7)","decl":{"start":{"line":210,"column":33},"end":{"line":210,"column":34}},"loc":{"start":{"line":210,"column":74},"end":{"line":218,"column":1}},"line":210}},"branchMap":{"0":{"loc":{"start":{"line":31,"column":4},"end":{"line":35,"column":5}},"type":"if","locations":[{"start":{"line":31,"column":4},"end":{"line":35,"column":5}},{"start":{},"end":{}}],"line":31},"1":{"loc":{"start":{"line":68,"column":16},"end":{"line":68,"column":45}},"type":"binary-expr","locations":[{"start":{"line":68,"column":16},"end":{"line":68,"column":40}},{"start":{"line":68,"column":44},"end":{"line":68,"column":45}}],"line":68},"2":{"loc":{"start":{"line":86,"column":2},"end":{"line":86,"column":28}},"type":"default-arg","locations":[{"start":{"line":86,"column":23},"end":{"line":86,"column":28}}],"line":86},"3":{"loc":{"start":{"line":90,"column":4},"end":{"line":92,"column":5}},"type":"if","locations":[{"start":{"line":90,"column":4},"end":{"line":92,"column":5}},{"start":{},"end":{}}],"line":90},"4":{"loc":{"start":{"line":104,"column":20},"end":{"line":104,"column":49}},"type":"binary-expr","locations":[{"start":{"line":104,"column":20},"end":{"line":104,"column":44}},{"start":{"line":104,"column":48},"end":{"line":104,"column":49}}],"line":104},"5":{"loc":{"start":{"line":112,"column":8},"end":{"line":114,"column":9}},"type":"if","locations":[{"start":{"line":112,"column":8},"end":{"line":114,"column":9}},{"start":{},"end":{}}],"line":112},"6":{"loc":{"start":{"line":161,"column":2},"end":{"line":164,"column":3}},"type":"if","locations":[{"start":{"line":161,"column":2},"end":{"line":164,"column":3}},{"start":{},"end":{}}],"line":161},"7":{"loc":{"start":{"line":173,"column":4},"end":{"line":173,"column":26}},"type":"if","locations":[{"start":{"line":173,"column":4},"end":{"line":173,"column":26}},{"start":{},"end":{}}],"line":173}},"s":{"0":0,"1":0,"2":0,"3":0,"4":0,"5":0,"6":0,"7":0,"8":0,"9":0,"10":0,"11":0,"12":0,"13":0,"14":0,"15":0,"16":0,"17":0,"18":0,"19":0,"20":0,"21":0,"22":0,"23":0,"24":0,"25":0,"26":0,"27":0,"28":0,"29":0,"30":0,"31":0,"32":0,"33":0,"34":0,"35":0,"36":0,"37":0,"38":0,"39":0,"40":0,"41":0,"42":0,"43":0,"44":0,"45":0,"46":0,"47":0,"48":0,"49":0,"50":0,"51":0,"52":0,"53":0,"54":0,"55":0,"56":0,"57":0,"58":0},"f":{"0":0,"1":0,"2":0,"3":0,"4":0,"5":0,"6":0,"7":0},"b":{"0":[0,0],"1":[0,0],"2":[0],"3":[0,0],"4":[0,0],"5":[0,0],"6":[0,0],"7":[0,0]}}
,"D:\\Github\\geofranzy-rn\\src\\services\\notificationService.ts": {"path":"D:\\Github\\geofranzy-rn\\src\\services\\notificationService.ts","statementMap":{"0":{"start":{"line":6,"column":0},"end":{"line":15,"column":3}},"1":{"start":{"line":9,"column":4},"end":{"line":13,"column":6}},"2":{"start":{"line":27,"column":39},"end":{"line":62,"column":1}},"3":{"start":{"line":28,"column":2},"end":{"line":61,"column":3}},"4":{"start":{"line":30,"column":39},"end":{"line":30,"column":80}},"5":{"start":{"line":31,"column":22},"end":{"line":31,"column":36}},"6":{"start":{"line":33,"column":4},"end":{"line":36,"column":5}},"7":{"start":{"line":34,"column":25},"end":{"line":34,"column":70}},"8":{"start":{"line":35,"column":6},"end":{"line":35,"column":27}},"9":{"start":{"line":38,"column":4},"end":{"line":41,"column":5}},"10":{"start":{"line":39,"column":6},"end":{"line":39,"column":59}},"11":{"start":{"line":40,"column":6},"end":{"line":40,"column":13}},"12":{"start":{"line":44,"column":18},"end":{"line":44,"column":68}},"13":{"start":{"line":48,"column":20},"end":{"line":48,"column":44}},"14":{"start":{"line":49,"column":4},"end":{"line":56,"column":6}},"15":{"start":{"line":58,"column":4},"end":{"line":58,"column":60}},"16":{"start":{"line":60,"column":4},"end":{"line":60,"column":62}},"17":{"start":{"line":67,"column":37},"end":{"line":85,"column":1}},"18":{"start":{"line":68,"column":2},"end":{"line":84,"column":3}},"19":{"start":{"line":69,"column":4},"end":{"line":81,"column":7}},"20":{"start":{"line":83,"column":4},"end":{"line":83,"column":62}},"21":{"start":{"line":90,"column":38},"end":{"line":97,"column":1}},"22":{"start":{"line":91,"column":2},"end":{"line":96,"column":5}},"23":{"start":{"line":102,"column":35},"end":{"line":109,"column":1}},"24":{"start":{"line":103,"column":2},"end":{"line":108,"column":5}},"25":{"start":{"line":114,"column":39},"end":{"line":121,"column":1}},"26":{"start":{"line":115,"column":2},"end":{"line":120,"column":5}},"27":{"start":{"line":126,"column":45},"end":{"line":133,"column":1}},"28":{"start":{"line":127,"column":2},"end":{"line":132,"column":5}},"29":{"start":{"line":138,"column":39},"end":{"line":145,"column":1}},"30":{"start":{"line":139,"column":2},"end":{"line":144,"column":5}},"31":{"start":{"line":150,"column":42},"end":{"line":170,"column":1}},"32":{"start":{"line":154,"column":31},"end":{"line":158,"column":4}},"33":{"start":{"line":155,"column":4},"end":{"line":157,"column":5}},"34":{"start":{"line":156,"column":6},"end":{"line":156,"column":43}},"35":{"start":{"line":160,"column":31},"end":{"line":164,"column":4}},"36":{"start":{"line":161,"column":4},"end":{"line":163,"column":5}},"37":{"start":{"line":162,"column":6},"end":{"line":162,"column":50}},"38":{"start":{"line":166,"column":2},"end":{"line":169,"column":4}},"39":{"start":{"line":167,"column":4},"end":{"line":167,"column":34}},"40":{"start":{"line":168,"column":4},"end":{"line":168,"column":34}}},"fnMap":{"0":{"name":"(anonymous_0)","decl":{"start":{"line":7,"column":22},"end":{"line":7,"column":23}},"loc":{"start":{"line":7,"column":46},"end":{"line":14,"column":3}},"line":7},"1":{"name":"(anonymous_1)","decl":{"start":{"line":27,"column":39},"end":{"line":27,"column":40}},"loc":{"start":{"line":27,"column":80},"end":{"line":62,"column":1}},"line":27},"2":{"name":"(anonymous_2)","decl":{"start":{"line":67,"column":37},"end":{"line":67,"column":38}},"loc":{"start":{"line":67,"column":86},"end":{"line":85,"column":1}},"line":67},"3":{"name":"(anonymous_3)","decl":{"start":{"line":90,"column":38},"end":{"line":90,"column":39}},"loc":{"start":{"line":90,"column":101},"end":{"line":97,"column":1}},"line":90},"4":{"name":"(anonymous_4)","decl":{"start":{"line":102,"column":35},"end":{"line":102,"column":36}},"loc":{"start":{"line":102,"column":80},"end":{"line":109,"column":1}},"line":102},"5":{"name":"(anonymous_5)","decl":{"start":{"line":114,"column":39},"end":{"line":114,"column":40}},"loc":{"start":{"line":114,"column":101},"end":{"line":121,"column":1}},"line":114},"6":{"name":"(anonymous_6)","decl":{"start":{"line":126,"column":45},"end":{"line":126,"column":46}},"loc":{"start":{"line":126,"column":90},"end":{"line":133,"column":1}},"line":126},"7":{"name":"(anonymous_7)","decl":{"start":{"line":138,"column":39},"end":{"line":138,"column":40}},"loc":{"start":{"line":138,"column":102},"end":{"line":145,"column":1}},"line":138},"8":{"name":"(anonymous_8)","decl":{"start":{"line":150,"column":42},"end":{"line":150,"column":43}},"loc":{"start":{"line":153,"column":19},"end":{"line":170,"column":1}},"line":153},"9":{"name":"(anonymous_9)","decl":{"start":{"line":154,"column":77},"end":{"line":154,"column":78}},"loc":{"start":{"line":154,"column":95},"end":{"line":158,"column":3}},"line":154},"10":{"name":"(anonymous_10)","decl":{"start":{"line":160,"column":85},"end":{"line":160,"column":86}},"loc":{"start":{"line":160,"column":99},"end":{"line":164,"column":3}},"line":160},"11":{"name":"(anonymous_11)","decl":{"start":{"line":166,"column":9},"end":{"line":166,"column":10}},"loc":{"start":{"line":166,"column":15},"end":{"line":169,"column":3}},"line":166}},"branchMap":{"0":{"loc":{"start":{"line":33,"column":4},"end":{"line":36,"column":5}},"type":"if","locations":[{"start":{"line":33,"column":4},"end":{"line":36,"column":5}},{"start":{},"end":{}}],"line":33},"1":{"loc":{"start":{"line":38,"column":4},"end":{"line":41,"column":5}},"type":"if","locations":[{"start":{"line":38,"column":4},"end":{"line":41,"column":5}},{"start":{},"end":{}}],"line":38},"2":{"loc":{"start":{"line":155,"column":4},"end":{"line":157,"column":5}},"type":"if","locations":[{"start":{"line":155,"column":4},"end":{"line":157,"column":5}},{"start":{},"end":{}}],"line":155},"3":{"loc":{"start":{"line":161,"column":4},"end":{"line":163,"column":5}},"type":"if","locations":[{"start":{"line":161,"column":4},"end":{"line":163,"column":5}},{"start":{},"end":{}}],"line":161}},"s":{"0":0,"1":0,"2":0,"3":0,"4":0,"5":0,"6":0,"7":0,"8":0,"9":0,"10":0,"11":0,"12":0,"13":0,"14":0,"15":0,"16":0,"17":0,"18":0,"19":0,"20":0,"21":0,"22":0,"23":0,"24":0,"25":0,"26":0,"27":0,"28":0,"29":0,"30":0,"31":0,"32":0,"33":0,"34":0,"35":0,"36":0,"37":0,"38":0,"39":0,"40":0},"f":{"0":0,"1":0,"2":0,"3":0,"4":0,"5":0,"6":0,"7":0,"8":0,"9":0,"10":0,"11":0},"b":{"0":[0,0],"1":[0,0],"2":[0,0],"3":[0,0]}}
,"D:\\Github\\geofranzy-rn\\src\\theme\\index.ts": {"path":"D:\\Github\\geofranzy-rn\\src\\theme\\index.ts","statementMap":{},"fnMap":{},"branchMap":{},"s":{},"f":{},"b":{}}
,"D:\\Github\\geofranzy-rn\\src\\theme\\theme.ts": {"path":"D:\\Github\\geofranzy-rn\\src\\theme\\theme.ts","statementMap":{"0":{"start":{"line":1,"column":22},"end":{"line":36,"column":1}},"1":{"start":{"line":38,"column":26},"end":{"line":79,"column":1}},"2":{"start":{"line":81,"column":23},"end":{"line":88,"column":1}},"3":{"start":{"line":90,"column":22},"end":{"line":96,"column":1}}},"fnMap":{},"branchMap":{},"s":{"0":0,"1":0,"2":0,"3":0},"f":{},"b":{}}
,"D:\\Github\\geofranzy-rn\\src\\utils\\distance.ts": {"path":"D:\\Github\\geofranzy-rn\\src\\utils\\distance.ts","statementMap":{"0":{"start":{"line":9,"column":33},"end":{"line":26,"column":1}},"1":{"start":{"line":15,"column":12},"end":{"line":15,"column":19}},"2":{"start":{"line":16,"column":15},"end":{"line":16,"column":46}},"3":{"start":{"line":17,"column":15},"end":{"line":17,"column":46}},"4":{"start":{"line":19,"column":4},"end":{"line":23,"column":24}},"5":{"start":{"line":24,"column":12},"end":{"line":24,"column":58}},"6":{"start":{"line":25,"column":2},"end":{"line":25,"column":15}},"7":{"start":{"line":33,"column":30},"end":{"line":38,"column":1}},"8":{"start":{"line":34,"column":2},"end":{"line":36,"column":3}},"9":{"start":{"line":35,"column":4},"end":{"line":35,"column":36}},"10":{"start":{"line":37,"column":2},"end":{"line":37,"column":43}},"11":{"start":{"line":49,"column":32},"end":{"line":57,"column":1}},"12":{"start":{"line":56,"column":2},"end":{"line":56,"column":70}}},"fnMap":{"0":{"name":"(anonymous_0)","decl":{"start":{"line":9,"column":33},"end":{"line":9,"column":34}},"loc":{"start":{"line":14,"column":13},"end":{"line":26,"column":1}},"line":14},"1":{"name":"(anonymous_1)","decl":{"start":{"line":33,"column":30},"end":{"line":33,"column":31}},"loc":{"start":{"line":33,"column":58},"end":{"line":38,"column":1}},"line":33},"2":{"name":"(anonymous_2)","decl":{"start":{"line":49,"column":32},"end":{"line":49,"column":33}},"loc":{"start":{"line":55,"column":14},"end":{"line":57,"column":1}},"line":55}},"branchMap":{"0":{"loc":{"start":{"line":34,"column":2},"end":{"line":36,"column":3}},"type":"if","locations":[{"start":{"line":34,"column":2},"end":{"line":36,"column":3}},{"start":{},"end":{}}],"line":34},"1":{"loc":{"start":{"line":54,"column":2},"end":{"line":54,"column":31}},"type":"default-arg","locations":[{"start":{"line":54,"column":28},"end":{"line":54,"column":31}}],"line":54}},"s":{"0":0,"1":0,"2":0,"3":0,"4":0,"5":0,"6":0,"7":0,"8":0,"9":0,"10":0,"11":0,"12":0},"f":{"0":0,"1":0,"2":0},"b":{"0":[0,0],"1":[0]}}
,"D:\\Github\\geofranzy-rn\\src\\utils\\index.ts": {"path":"D:\\Github\\geofranzy-rn\\src\\utils\\index.ts","statementMap":{},"fnMap":{},"branchMap":{},"s":{},"f":{},"b":{}}
}
